2019-05-02 05:55:08 [127.0.0.1][-][-][error][yii\base\InvalidConfigException] yii\base\InvalidConfigException: yii\web\Request::cookieValidationKey must be configured with a secret key. in E:\xampp\htdocs\basic\vendor\yiisoft\yii2\web\Request.php:1579
Stack trace:
#0 E:\xampp\htdocs\basic\vendor\yiisoft\yii2\web\Request.php(1561): yii\web\Request->loadCookies()
#1 E:\xampp\htdocs\basic\vendor\yiisoft\yii2\web\User.php(586): yii\web\Request->getCookies()
#2 E:\xampp\htdocs\basic\vendor\yiisoft\yii2\web\User.php(314): yii\web\User->getIdentityAndDurationFromCookie()
#3 E:\xampp\htdocs\basic\vendor\yiisoft\yii2\web\User.php(707): yii\web\User->loginByCookie()
#4 E:\xampp\htdocs\basic\vendor\yiisoft\yii2\web\User.php(192): yii\web\User->renewAuthStatus()
#5 E:\xampp\htdocs\basic\vendor\yiisoft\yii2\web\User.php(360): yii\web\User->getIdentity()
#6 E:\xampp\htdocs\basic\vendor\yiisoft\yii2\base\Component.php(139): yii\web\User->getIsGuest()
#7 E:\xampp\htdocs\basic\vendor\yiisoft\yii2-debug\src\panels\UserPanel.php(78): yii\base\Component->__get('isGuest')
#8 E:\xampp\htdocs\basic\vendor\yiisoft\yii2\base\BaseObject.php(109): yii\debug\panels\UserPanel->init()
#9 [internal function]: yii\base\BaseObject->__construct(Array)
#10 E:\xampp\htdocs\basic\vendor\yiisoft\yii2\di\Container.php(384): ReflectionClass->newInstanceArgs(Array)
#11 E:\xampp\htdocs\basic\vendor\yiisoft\yii2\di\Container.php(156): yii\di\Container->build('yii\\debug\\panel...', Array, Array)
#12 E:\xampp\htdocs\basic\vendor\yiisoft\yii2\BaseYii.php(349): yii\di\Container->get('yii\\debug\\panel...', Array, Array)
#13 E:\xampp\htdocs\basic\vendor\yiisoft\yii2-debug\src\Module.php(226): yii\BaseYii::createObject(Array)
#14 E:\xampp\htdocs\basic\vendor\yiisoft\yii2-debug\src\Module.php(197): yii\debug\Module->initPanels()
#15 E:\xampp\htdocs\basic\vendor\yiisoft\yii2\base\BaseObject.php(109): yii\debug\Module->init()
#16 E:\xampp\htdocs\basic\vendor\yiisoft\yii2\base\Module.php(158): yii\base\BaseObject->__construct(Array)
#17 [internal function]: yii\base\Module->__construct('debug', Object(yii\web\Application), Array)
#18 E:\xampp\htdocs\basic\vendor\yiisoft\yii2\di\Container.php(376): ReflectionClass->newInstanceArgs(Array)
#19 E:\xampp\htdocs\basic\vendor\yiisoft\yii2\di\Container.php(156): yii\di\Container->build('yii\\debug\\Modul...', Array, Array)
#20 E:\xampp\htdocs\basic\vendor\yiisoft\yii2\BaseYii.php(349): yii\di\Container->get('yii\\debug\\Modul...', Array, Array)
#21 E:\xampp\htdocs\basic\vendor\yiisoft\yii2\base\Module.php(427): yii\BaseYii::createObject(Array, Array)
#22 E:\xampp\htdocs\basic\vendor\yiisoft\yii2\base\Application.php(315): yii\base\Module->getModule('debug')
#23 E:\xampp\htdocs\basic\vendor\yiisoft\yii2\web\Application.php(69): yii\base\Application->bootstrap()
#24 E:\xampp\htdocs\basic\vendor\yiisoft\yii2\base\Application.php(273): yii\web\Application->bootstrap()
#25 E:\xampp\htdocs\basic\vendor\yiisoft\yii2\base\BaseObject.php(109): yii\base\Application->init()
#26 E:\xampp\htdocs\basic\vendor\yiisoft\yii2\base\Application.php(206): yii\base\BaseObject->__construct(Array)
#27 E:\xampp\htdocs\basic\web\index.php(12): yii\base\Application->__construct(Array)
#28 {main}
2019-05-02 05:55:08 [127.0.0.1][-][-][info][application] $_GET = []

$_POST = []

$_FILES = []

$_COOKIE = []

$_SERVER = [
    'MIBDIRS' => 'E:/xampp/php/extras/mibs'
    'MYSQL_HOME' => '\\xampp\\mysql\\bin'
    'OPENSSL_CONF' => 'E:/xampp/apache/bin/openssl.cnf'
    'PHP_PEAR_SYSCONF_DIR' => '\\xampp\\php'
    'PHPRC' => '\\xampp\\php'
    'TMP' => '\\xampp\\tmp'
    'HTTP_HOST' => '127.0.0.1:8080'
    'HTTP_CONNECTION' => 'keep-alive'
    'HTTP_UPGRADE_INSECURE_REQUESTS' => '1'
    'HTTP_USER_AGENT' => 'Mozilla/5.0 (Windows NT 10.0; Win64; x64) AppleWebKit/537.36 (KHTML, like Gecko) Chrome/73.0.3683.103 Safari/537.36'
    'HTTP_ACCEPT' => 'text/html,application/xhtml+xml,application/xml;q=0.9,image/webp,image/apng,*/*;q=0.8,application/signed-exchange;v=b3'
    'HTTP_REFERER' => 'http://127.0.0.1:8080/basic/'
    'HTTP_ACCEPT_ENCODING' => 'gzip, deflate, br'
    'HTTP_ACCEPT_LANGUAGE' => 'zh-CN,zh;q=0.9'
    'PATH' => 'C:\\Program Files\\VanDyke Software\\Clients\\;E:\\Python27\\;E:\\Python27\\Scripts;C:\\Program Files (x86)\\Common Files\\Oracle\\Java\\javapath;C:\\Program Files (x86)\\Intel\\iCLS Client\\;C:\\Program Files\\Intel\\iCLS Client\\;C:\\Windows\\system32;C:\\Windows;C:\\Windows\\System32\\Wbem;C:\\Windows\\System32\\WindowsPowerShell\\v1.0\\;C:\\Program Files (x86)\\NVIDIA Corporation\\PhysX\\Common;C:\\Program Files (x86)\\Intel\\Intel(R) Management Engine Components\\DAL;C:\\Program Files\\Intel\\Intel(R) Management Engine Components\\DAL;C:\\Program Files (x86)\\Intel\\Intel(R) Management Engine Components\\IPT;C:\\Program Files\\Intel\\Intel(R) Management Engine Components\\IPT;C:\\WINDOWS\\system32;C:\\WINDOWS;C:\\WINDOWS\\System32\\Wbem;C:\\WINDOWS\\System32\\WindowsPowerShell\\v1.0\\;C:\\Program Files\\dotnet\\;C:\\WINDOWS\\System32\\OpenSSH\\;C:\\Program Files\\Java\\jdk1.8.0_172\\bin;E:\\android_sdk\\platform-tools;E:\\android_sdk\\tools;E:\\mysql-8.0.13-winx64\\bin;E:\\Program Files (x86)\\opencv\\build\\x64\\vc15\\bin;C:\\Program Files\\Microsoft SQL Server\\130\\Tools\\Binn\\;E:\\MinGW\\include;E:\\MinGW\\lib;E:\\Python;C:\\Users\\Peng\\AppData\\Local\\Microsoft\\WindowsApps'
    'SystemRoot' => 'C:\\WINDOWS'
    'COMSPEC' => 'C:\\WINDOWS\\system32\\cmd.exe'
    'PATHEXT' => '.COM;.EXE;.BAT;.CMD;.VBS;.VBE;.JS;.JSE;.WSF;.WSH;.MSC'
    'WINDIR' => 'C:\\WINDOWS'
    'SERVER_SIGNATURE' => '<address>Apache/2.4.39 (Win64) OpenSSL/1.1.1b PHP/7.3.4 Server at 127.0.0.1 Port 8080</address>
'
    'SERVER_SOFTWARE' => 'Apache/2.4.39 (Win64) OpenSSL/1.1.1b PHP/7.3.4'
    'SERVER_NAME' => '127.0.0.1'
    'SERVER_ADDR' => '127.0.0.1'
    'SERVER_PORT' => '8080'
    'REMOTE_ADDR' => '127.0.0.1'
    'DOCUMENT_ROOT' => 'E:/xampp/htdocs'
    'REQUEST_SCHEME' => 'http'
    'CONTEXT_PREFIX' => ''
    'CONTEXT_DOCUMENT_ROOT' => 'E:/xampp/htdocs'
    'SERVER_ADMIN' => 'postmaster@localhost'
    'SCRIPT_FILENAME' => 'E:/xampp/htdocs/basic/web/index.php'
    'REMOTE_PORT' => '59829'
    'GATEWAY_INTERFACE' => 'CGI/1.1'
    'SERVER_PROTOCOL' => 'HTTP/1.1'
    'REQUEST_METHOD' => 'GET'
    'QUERY_STRING' => ''
    'REQUEST_URI' => '/basic/web/'
    'SCRIPT_NAME' => '/basic/web/index.php'
    'PHP_SELF' => '/basic/web/index.php'
    'REQUEST_TIME_FLOAT' => 1556769308.289
    'REQUEST_TIME' => 1556769308
]
2019-05-02 07:18:06 [127.0.0.1][-][a01mkh3bbnhifs9n6dbbtm93m2][error][yii\base\ErrorException:8] yii\base\ErrorException: Undefined offset: 0 in E:\xampp\htdocs\basic\controllers\SiteController.php:132
Stack trace:
#0 E:\xampp\htdocs\basic\controllers\SiteController.php(132): yii\base\ErrorHandler->handleError(8, 'Undefined offse...', 'E:\\xampp\\htdocs...', 132, Array)
#1 [internal function]: app\controllers\SiteController->actionHello()
#2 E:\xampp\htdocs\basic\vendor\yiisoft\yii2\base\InlineAction.php(57): call_user_func_array(Array, Array)
#3 E:\xampp\htdocs\basic\vendor\yiisoft\yii2\base\Controller.php(157): yii\base\InlineAction->runWithParams(Array)
#4 E:\xampp\htdocs\basic\vendor\yiisoft\yii2\base\Module.php(528): yii\base\Controller->runAction('hello', Array)
#5 E:\xampp\htdocs\basic\vendor\yiisoft\yii2\web\Application.php(103): yii\base\Module->runAction('site/hello', Array)
#6 E:\xampp\htdocs\basic\vendor\yiisoft\yii2\base\Application.php(386): yii\web\Application->handleRequest(Object(yii\web\Request))
#7 E:\xampp\htdocs\basic\web\index.php(12): yii\base\Application->run()
#8 {main}
2019-05-02 07:18:06 [127.0.0.1][-][a01mkh3bbnhifs9n6dbbtm93m2][info][application] $_GET = [
    'r' => 'site/hello'
]

$_POST = []

$_FILES = []

$_COOKIE = [
    '_csrf' => '346cb5a16f6aedddd5e9615250b9ff3c125bd74d7b75c55a843fc03b5877999da:2:{i:0;s:5:\"_csrf\";i:1;s:32:\"j7cuxN3acaEv2_SsLE2AcoRmGumInsir\";}'
    'PHPSESSID' => 'a01mkh3bbnhifs9n6dbbtm93m2'
]

$_SESSION = [
    '__flash' => []
    '__captcha/site/captcha' => 'twkepe'
    '__captcha/site/captchacount' => 1
]

$_SERVER = [
    'MIBDIRS' => 'E:/xampp/php/extras/mibs'
    'MYSQL_HOME' => '\\xampp\\mysql\\bin'
    'OPENSSL_CONF' => 'E:/xampp/apache/bin/openssl.cnf'
    'PHP_PEAR_SYSCONF_DIR' => '\\xampp\\php'
    'PHPRC' => '\\xampp\\php'
    'TMP' => '\\xampp\\tmp'
    'HTTP_HOST' => '127.0.0.1:8080'
    'HTTP_CONNECTION' => 'keep-alive'
    'HTTP_CACHE_CONTROL' => 'max-age=0'
    'HTTP_UPGRADE_INSECURE_REQUESTS' => '1'
    'HTTP_USER_AGENT' => 'Mozilla/5.0 (Windows NT 10.0; Win64; x64) AppleWebKit/537.36 (KHTML, like Gecko) Chrome/73.0.3683.103 Safari/537.36'
    'HTTP_ACCEPT' => 'text/html,application/xhtml+xml,application/xml;q=0.9,image/webp,image/apng,*/*;q=0.8,application/signed-exchange;v=b3'
    'HTTP_ACCEPT_ENCODING' => 'gzip, deflate, br'
    'HTTP_ACCEPT_LANGUAGE' => 'zh-CN,zh;q=0.9'
    'HTTP_COOKIE' => '_csrf=346cb5a16f6aedddd5e9615250b9ff3c125bd74d7b75c55a843fc03b5877999da%3A2%3A%7Bi%3A0%3Bs%3A5%3A%22_csrf%22%3Bi%3A1%3Bs%3A32%3A%22j7cuxN3acaEv2_SsLE2AcoRmGumInsir%22%3B%7D; PHPSESSID=a01mkh3bbnhifs9n6dbbtm93m2'
    'PATH' => 'C:\\Program Files\\VanDyke Software\\Clients\\;E:\\Python27\\;E:\\Python27\\Scripts;C:\\Program Files (x86)\\Common Files\\Oracle\\Java\\javapath;C:\\Program Files (x86)\\Intel\\iCLS Client\\;C:\\Program Files\\Intel\\iCLS Client\\;C:\\Windows\\system32;C:\\Windows;C:\\Windows\\System32\\Wbem;C:\\Windows\\System32\\WindowsPowerShell\\v1.0\\;C:\\Program Files (x86)\\NVIDIA Corporation\\PhysX\\Common;C:\\Program Files (x86)\\Intel\\Intel(R) Management Engine Components\\DAL;C:\\Program Files\\Intel\\Intel(R) Management Engine Components\\DAL;C:\\Program Files (x86)\\Intel\\Intel(R) Management Engine Components\\IPT;C:\\Program Files\\Intel\\Intel(R) Management Engine Components\\IPT;C:\\WINDOWS\\system32;C:\\WINDOWS;C:\\WINDOWS\\System32\\Wbem;C:\\WINDOWS\\System32\\WindowsPowerShell\\v1.0\\;C:\\Program Files\\dotnet\\;C:\\WINDOWS\\System32\\OpenSSH\\;C:\\Program Files\\Java\\jdk1.8.0_172\\bin;E:\\android_sdk\\platform-tools;E:\\android_sdk\\tools;E:\\mysql-8.0.13-winx64\\bin;E:\\Program Files (x86)\\opencv\\build\\x64\\vc15\\bin;C:\\Program Files\\Microsoft SQL Server\\130\\Tools\\Binn\\;E:\\MinGW\\include;E:\\MinGW\\lib;E:\\Python;C:\\Users\\Peng\\AppData\\Local\\Microsoft\\WindowsApps;C:\\Program Files\\Java\\jdk1.8.0_172\\bin;'
    'SystemRoot' => 'C:\\WINDOWS'
    'COMSPEC' => 'C:\\WINDOWS\\system32\\cmd.exe'
    'PATHEXT' => '.COM;.EXE;.BAT;.CMD;.VBS;.VBE;.JS;.JSE;.WSF;.WSH;.MSC'
    'WINDIR' => 'C:\\WINDOWS'
    'SERVER_SIGNATURE' => '<address>Apache/2.4.39 (Win64) OpenSSL/1.1.1b PHP/7.3.4 Server at 127.0.0.1 Port 8080</address>
'
    'SERVER_SOFTWARE' => 'Apache/2.4.39 (Win64) OpenSSL/1.1.1b PHP/7.3.4'
    'SERVER_NAME' => '127.0.0.1'
    'SERVER_ADDR' => '127.0.0.1'
    'SERVER_PORT' => '8080'
    'REMOTE_ADDR' => '127.0.0.1'
    'DOCUMENT_ROOT' => 'E:/xampp/htdocs'
    'REQUEST_SCHEME' => 'http'
    'CONTEXT_PREFIX' => ''
    'CONTEXT_DOCUMENT_ROOT' => 'E:/xampp/htdocs'
    'SERVER_ADMIN' => 'postmaster@localhost'
    'SCRIPT_FILENAME' => 'E:/xampp/htdocs/basic/web/index.php'
    'REMOTE_PORT' => '54422'
    'GATEWAY_INTERFACE' => 'CGI/1.1'
    'SERVER_PROTOCOL' => 'HTTP/1.1'
    'REQUEST_METHOD' => 'GET'
    'QUERY_STRING' => 'r=site%2Fhello'
    'REQUEST_URI' => '/basic/web/index.php?r=site%2Fhello'
    'SCRIPT_NAME' => '/basic/web/index.php'
    'PHP_SELF' => '/basic/web/index.php'
    'REQUEST_TIME_FLOAT' => 1556774286.188
    'REQUEST_TIME' => 1556774286
]
2019-05-02 07:19:50 [127.0.0.1][-][a01mkh3bbnhifs9n6dbbtm93m2][error][yii\web\HttpException:400] yii\web\BadRequestHttpException: Missing required parameters: s in E:\xampp\htdocs\basic\vendor\yiisoft\yii2\web\Controller.php:149
Stack trace:
#0 E:\xampp\htdocs\basic\vendor\yiisoft\yii2\base\InlineAction.php(51): yii\web\Controller->bindActionParams(Object(yii\base\InlineAction), Array)
#1 E:\xampp\htdocs\basic\vendor\yiisoft\yii2\base\Controller.php(157): yii\base\InlineAction->runWithParams(Array)
#2 E:\xampp\htdocs\basic\vendor\yiisoft\yii2\base\Module.php(528): yii\base\Controller->runAction('hello', Array)
#3 E:\xampp\htdocs\basic\vendor\yiisoft\yii2\web\Application.php(103): yii\base\Module->runAction('site/hello', Array)
#4 E:\xampp\htdocs\basic\vendor\yiisoft\yii2\base\Application.php(386): yii\web\Application->handleRequest(Object(yii\web\Request))
#5 E:\xampp\htdocs\basic\web\index.php(12): yii\base\Application->run()
#6 {main}
2019-05-02 07:19:50 [127.0.0.1][-][a01mkh3bbnhifs9n6dbbtm93m2][info][application] $_GET = [
    'r' => 'site/hello'
]

$_POST = []

$_FILES = []

$_COOKIE = [
    '_csrf' => '346cb5a16f6aedddd5e9615250b9ff3c125bd74d7b75c55a843fc03b5877999da:2:{i:0;s:5:\"_csrf\";i:1;s:32:\"j7cuxN3acaEv2_SsLE2AcoRmGumInsir\";}'
    'PHPSESSID' => 'a01mkh3bbnhifs9n6dbbtm93m2'
]

$_SESSION = [
    '__flash' => []
    '__captcha/site/captcha' => 'twkepe'
    '__captcha/site/captchacount' => 1
]

$_SERVER = [
    'MIBDIRS' => 'E:/xampp/php/extras/mibs'
    'MYSQL_HOME' => '\\xampp\\mysql\\bin'
    'OPENSSL_CONF' => 'E:/xampp/apache/bin/openssl.cnf'
    'PHP_PEAR_SYSCONF_DIR' => '\\xampp\\php'
    'PHPRC' => '\\xampp\\php'
    'TMP' => '\\xampp\\tmp'
    'HTTP_HOST' => '127.0.0.1:8080'
    'HTTP_CONNECTION' => 'keep-alive'
    'HTTP_CACHE_CONTROL' => 'max-age=0'
    'HTTP_UPGRADE_INSECURE_REQUESTS' => '1'
    'HTTP_USER_AGENT' => 'Mozilla/5.0 (Windows NT 10.0; Win64; x64) AppleWebKit/537.36 (KHTML, like Gecko) Chrome/73.0.3683.103 Safari/537.36'
    'HTTP_ACCEPT' => 'text/html,application/xhtml+xml,application/xml;q=0.9,image/webp,image/apng,*/*;q=0.8,application/signed-exchange;v=b3'
    'HTTP_ACCEPT_ENCODING' => 'gzip, deflate, br'
    'HTTP_ACCEPT_LANGUAGE' => 'zh-CN,zh;q=0.9'
    'HTTP_COOKIE' => '_csrf=346cb5a16f6aedddd5e9615250b9ff3c125bd74d7b75c55a843fc03b5877999da%3A2%3A%7Bi%3A0%3Bs%3A5%3A%22_csrf%22%3Bi%3A1%3Bs%3A32%3A%22j7cuxN3acaEv2_SsLE2AcoRmGumInsir%22%3B%7D; PHPSESSID=a01mkh3bbnhifs9n6dbbtm93m2'
    'PATH' => 'C:\\Program Files\\VanDyke Software\\Clients\\;E:\\Python27\\;E:\\Python27\\Scripts;C:\\Program Files (x86)\\Common Files\\Oracle\\Java\\javapath;C:\\Program Files (x86)\\Intel\\iCLS Client\\;C:\\Program Files\\Intel\\iCLS Client\\;C:\\Windows\\system32;C:\\Windows;C:\\Windows\\System32\\Wbem;C:\\Windows\\System32\\WindowsPowerShell\\v1.0\\;C:\\Program Files (x86)\\NVIDIA Corporation\\PhysX\\Common;C:\\Program Files (x86)\\Intel\\Intel(R) Management Engine Components\\DAL;C:\\Program Files\\Intel\\Intel(R) Management Engine Components\\DAL;C:\\Program Files (x86)\\Intel\\Intel(R) Management Engine Components\\IPT;C:\\Program Files\\Intel\\Intel(R) Management Engine Components\\IPT;C:\\WINDOWS\\system32;C:\\WINDOWS;C:\\WINDOWS\\System32\\Wbem;C:\\WINDOWS\\System32\\WindowsPowerShell\\v1.0\\;C:\\Program Files\\dotnet\\;C:\\WINDOWS\\System32\\OpenSSH\\;C:\\Program Files\\Java\\jdk1.8.0_172\\bin;E:\\android_sdk\\platform-tools;E:\\android_sdk\\tools;E:\\mysql-8.0.13-winx64\\bin;E:\\Program Files (x86)\\opencv\\build\\x64\\vc15\\bin;C:\\Program Files\\Microsoft SQL Server\\130\\Tools\\Binn\\;E:\\MinGW\\include;E:\\MinGW\\lib;E:\\Python;C:\\Users\\Peng\\AppData\\Local\\Microsoft\\WindowsApps;C:\\Program Files\\Java\\jdk1.8.0_172\\bin;'
    'SystemRoot' => 'C:\\WINDOWS'
    'COMSPEC' => 'C:\\WINDOWS\\system32\\cmd.exe'
    'PATHEXT' => '.COM;.EXE;.BAT;.CMD;.VBS;.VBE;.JS;.JSE;.WSF;.WSH;.MSC'
    'WINDIR' => 'C:\\WINDOWS'
    'SERVER_SIGNATURE' => '<address>Apache/2.4.39 (Win64) OpenSSL/1.1.1b PHP/7.3.4 Server at 127.0.0.1 Port 8080</address>
'
    'SERVER_SOFTWARE' => 'Apache/2.4.39 (Win64) OpenSSL/1.1.1b PHP/7.3.4'
    'SERVER_NAME' => '127.0.0.1'
    'SERVER_ADDR' => '127.0.0.1'
    'SERVER_PORT' => '8080'
    'REMOTE_ADDR' => '127.0.0.1'
    'DOCUMENT_ROOT' => 'E:/xampp/htdocs'
    'REQUEST_SCHEME' => 'http'
    'CONTEXT_PREFIX' => ''
    'CONTEXT_DOCUMENT_ROOT' => 'E:/xampp/htdocs'
    'SERVER_ADMIN' => 'postmaster@localhost'
    'SCRIPT_FILENAME' => 'E:/xampp/htdocs/basic/web/index.php'
    'REMOTE_PORT' => '59691'
    'GATEWAY_INTERFACE' => 'CGI/1.1'
    'SERVER_PROTOCOL' => 'HTTP/1.1'
    'REQUEST_METHOD' => 'GET'
    'QUERY_STRING' => 'r=site%2Fhello'
    'REQUEST_URI' => '/basic/web/index.php?r=site%2Fhello'
    'SCRIPT_NAME' => '/basic/web/index.php'
    'PHP_SELF' => '/basic/web/index.php'
    'REQUEST_TIME_FLOAT' => 1556774390.106
    'REQUEST_TIME' => 1556774390
]
2019-05-02 07:21:41 [127.0.0.1][-][a01mkh3bbnhifs9n6dbbtm93m2][error][yii\web\HttpException:400] yii\web\BadRequestHttpException: Missing required parameters: s in E:\xampp\htdocs\basic\vendor\yiisoft\yii2\web\Controller.php:149
Stack trace:
#0 E:\xampp\htdocs\basic\vendor\yiisoft\yii2\base\InlineAction.php(51): yii\web\Controller->bindActionParams(Object(yii\base\InlineAction), Array)
#1 E:\xampp\htdocs\basic\vendor\yiisoft\yii2\base\Controller.php(157): yii\base\InlineAction->runWithParams(Array)
#2 E:\xampp\htdocs\basic\vendor\yiisoft\yii2\base\Module.php(528): yii\base\Controller->runAction('hello', Array)
#3 E:\xampp\htdocs\basic\vendor\yiisoft\yii2\web\Application.php(103): yii\base\Module->runAction('site/hello', Array)
#4 E:\xampp\htdocs\basic\vendor\yiisoft\yii2\base\Application.php(386): yii\web\Application->handleRequest(Object(yii\web\Request))
#5 E:\xampp\htdocs\basic\web\index.php(12): yii\base\Application->run()
#6 {main}
2019-05-02 07:21:41 [127.0.0.1][-][a01mkh3bbnhifs9n6dbbtm93m2][info][application] $_GET = [
    'r' => 'site/hello'
]

$_POST = []

$_FILES = []

$_COOKIE = [
    '_csrf' => '346cb5a16f6aedddd5e9615250b9ff3c125bd74d7b75c55a843fc03b5877999da:2:{i:0;s:5:\"_csrf\";i:1;s:32:\"j7cuxN3acaEv2_SsLE2AcoRmGumInsir\";}'
    'PHPSESSID' => 'a01mkh3bbnhifs9n6dbbtm93m2'
]

$_SESSION = [
    '__flash' => []
    '__captcha/site/captcha' => 'twkepe'
    '__captcha/site/captchacount' => 1
]

$_SERVER = [
    'MIBDIRS' => 'E:/xampp/php/extras/mibs'
    'MYSQL_HOME' => '\\xampp\\mysql\\bin'
    'OPENSSL_CONF' => 'E:/xampp/apache/bin/openssl.cnf'
    'PHP_PEAR_SYSCONF_DIR' => '\\xampp\\php'
    'PHPRC' => '\\xampp\\php'
    'TMP' => '\\xampp\\tmp'
    'HTTP_HOST' => '127.0.0.1:8080'
    'HTTP_CONNECTION' => 'keep-alive'
    'HTTP_CACHE_CONTROL' => 'max-age=0'
    'HTTP_UPGRADE_INSECURE_REQUESTS' => '1'
    'HTTP_USER_AGENT' => 'Mozilla/5.0 (Windows NT 10.0; Win64; x64) AppleWebKit/537.36 (KHTML, like Gecko) Chrome/73.0.3683.103 Safari/537.36'
    'HTTP_ACCEPT' => 'text/html,application/xhtml+xml,application/xml;q=0.9,image/webp,image/apng,*/*;q=0.8,application/signed-exchange;v=b3'
    'HTTP_ACCEPT_ENCODING' => 'gzip, deflate, br'
    'HTTP_ACCEPT_LANGUAGE' => 'zh-CN,zh;q=0.9'
    'HTTP_COOKIE' => '_csrf=346cb5a16f6aedddd5e9615250b9ff3c125bd74d7b75c55a843fc03b5877999da%3A2%3A%7Bi%3A0%3Bs%3A5%3A%22_csrf%22%3Bi%3A1%3Bs%3A32%3A%22j7cuxN3acaEv2_SsLE2AcoRmGumInsir%22%3B%7D; PHPSESSID=a01mkh3bbnhifs9n6dbbtm93m2'
    'PATH' => 'C:\\Program Files\\VanDyke Software\\Clients\\;E:\\Python27\\;E:\\Python27\\Scripts;C:\\Program Files (x86)\\Common Files\\Oracle\\Java\\javapath;C:\\Program Files (x86)\\Intel\\iCLS Client\\;C:\\Program Files\\Intel\\iCLS Client\\;C:\\Windows\\system32;C:\\Windows;C:\\Windows\\System32\\Wbem;C:\\Windows\\System32\\WindowsPowerShell\\v1.0\\;C:\\Program Files (x86)\\NVIDIA Corporation\\PhysX\\Common;C:\\Program Files (x86)\\Intel\\Intel(R) Management Engine Components\\DAL;C:\\Program Files\\Intel\\Intel(R) Management Engine Components\\DAL;C:\\Program Files (x86)\\Intel\\Intel(R) Management Engine Components\\IPT;C:\\Program Files\\Intel\\Intel(R) Management Engine Components\\IPT;C:\\WINDOWS\\system32;C:\\WINDOWS;C:\\WINDOWS\\System32\\Wbem;C:\\WINDOWS\\System32\\WindowsPowerShell\\v1.0\\;C:\\Program Files\\dotnet\\;C:\\WINDOWS\\System32\\OpenSSH\\;C:\\Program Files\\Java\\jdk1.8.0_172\\bin;E:\\android_sdk\\platform-tools;E:\\android_sdk\\tools;E:\\mysql-8.0.13-winx64\\bin;E:\\Program Files (x86)\\opencv\\build\\x64\\vc15\\bin;C:\\Program Files\\Microsoft SQL Server\\130\\Tools\\Binn\\;E:\\MinGW\\include;E:\\MinGW\\lib;E:\\Python;C:\\Users\\Peng\\AppData\\Local\\Microsoft\\WindowsApps;C:\\Program Files\\Java\\jdk1.8.0_172\\bin;'
    'SystemRoot' => 'C:\\WINDOWS'
    'COMSPEC' => 'C:\\WINDOWS\\system32\\cmd.exe'
    'PATHEXT' => '.COM;.EXE;.BAT;.CMD;.VBS;.VBE;.JS;.JSE;.WSF;.WSH;.MSC'
    'WINDIR' => 'C:\\WINDOWS'
    'SERVER_SIGNATURE' => '<address>Apache/2.4.39 (Win64) OpenSSL/1.1.1b PHP/7.3.4 Server at 127.0.0.1 Port 8080</address>
'
    'SERVER_SOFTWARE' => 'Apache/2.4.39 (Win64) OpenSSL/1.1.1b PHP/7.3.4'
    'SERVER_NAME' => '127.0.0.1'
    'SERVER_ADDR' => '127.0.0.1'
    'SERVER_PORT' => '8080'
    'REMOTE_ADDR' => '127.0.0.1'
    'DOCUMENT_ROOT' => 'E:/xampp/htdocs'
    'REQUEST_SCHEME' => 'http'
    'CONTEXT_PREFIX' => ''
    'CONTEXT_DOCUMENT_ROOT' => 'E:/xampp/htdocs'
    'SERVER_ADMIN' => 'postmaster@localhost'
    'SCRIPT_FILENAME' => 'E:/xampp/htdocs/basic/web/index.php'
    'REMOTE_PORT' => '60017'
    'GATEWAY_INTERFACE' => 'CGI/1.1'
    'SERVER_PROTOCOL' => 'HTTP/1.1'
    'REQUEST_METHOD' => 'GET'
    'QUERY_STRING' => 'r=site%2Fhello'
    'REQUEST_URI' => '/basic/web/index.php?r=site%2Fhello'
    'SCRIPT_NAME' => '/basic/web/index.php'
    'PHP_SELF' => '/basic/web/index.php'
    'REQUEST_TIME_FLOAT' => 1556774501.218
    'REQUEST_TIME' => 1556774501
]
2019-05-02 07:25:05 [127.0.0.1][-][a01mkh3bbnhifs9n6dbbtm93m2][error][yii\base\ErrorException:8] yii\base\ErrorException: Undefined variable: s in E:\xampp\htdocs\basic\views\site\hello.php:2
Stack trace:
#0 E:\xampp\htdocs\basic\views\site\hello.php(2): yii\base\ErrorHandler->handleError(8, 'Undefined varia...', 'E:\\xampp\\htdocs...', 2, Array)
#1 E:\xampp\htdocs\basic\vendor\yiisoft\yii2\base\View.php(348): require('E:\\xampp\\htdocs...')
#2 E:\xampp\htdocs\basic\vendor\yiisoft\yii2\base\View.php(257): yii\base\View->renderPhpFile('E:\\xampp\\htdocs...', Array)
#3 E:\xampp\htdocs\basic\vendor\yiisoft\yii2\base\View.php(156): yii\base\View->renderFile('E:\\xampp\\htdocs...', Array, Object(app\controllers\SiteController))
#4 E:\xampp\htdocs\basic\vendor\yiisoft\yii2\base\Controller.php(384): yii\base\View->render('hello', Array, Object(app\controllers\SiteController))
#5 E:\xampp\htdocs\basic\controllers\SiteController.php(131): yii\base\Controller->render('hello')
#6 [internal function]: app\controllers\SiteController->actionHello('1')
#7 E:\xampp\htdocs\basic\vendor\yiisoft\yii2\base\InlineAction.php(57): call_user_func_array(Array, Array)
#8 E:\xampp\htdocs\basic\vendor\yiisoft\yii2\base\Controller.php(157): yii\base\InlineAction->runWithParams(Array)
#9 E:\xampp\htdocs\basic\vendor\yiisoft\yii2\base\Module.php(528): yii\base\Controller->runAction('hello', Array)
#10 E:\xampp\htdocs\basic\vendor\yiisoft\yii2\web\Application.php(103): yii\base\Module->runAction('site/hello', Array)
#11 E:\xampp\htdocs\basic\vendor\yiisoft\yii2\base\Application.php(386): yii\web\Application->handleRequest(Object(yii\web\Request))
#12 E:\xampp\htdocs\basic\web\index.php(12): yii\base\Application->run()
#13 {main}
2019-05-02 07:25:05 [127.0.0.1][-][a01mkh3bbnhifs9n6dbbtm93m2][info][application] $_GET = [
    'r' => 'site/hello'
    's' => '1'
]

$_POST = []

$_FILES = []

$_COOKIE = [
    '_csrf' => '346cb5a16f6aedddd5e9615250b9ff3c125bd74d7b75c55a843fc03b5877999da:2:{i:0;s:5:\"_csrf\";i:1;s:32:\"j7cuxN3acaEv2_SsLE2AcoRmGumInsir\";}'
    'PHPSESSID' => 'a01mkh3bbnhifs9n6dbbtm93m2'
]

$_SESSION = [
    '__flash' => []
    '__captcha/site/captcha' => 'twkepe'
    '__captcha/site/captchacount' => 1
]

$_SERVER = [
    'MIBDIRS' => 'E:/xampp/php/extras/mibs'
    'MYSQL_HOME' => '\\xampp\\mysql\\bin'
    'OPENSSL_CONF' => 'E:/xampp/apache/bin/openssl.cnf'
    'PHP_PEAR_SYSCONF_DIR' => '\\xampp\\php'
    'PHPRC' => '\\xampp\\php'
    'TMP' => '\\xampp\\tmp'
    'HTTP_HOST' => '127.0.0.1:8080'
    'HTTP_CONNECTION' => 'keep-alive'
    'HTTP_CACHE_CONTROL' => 'max-age=0'
    'HTTP_UPGRADE_INSECURE_REQUESTS' => '1'
    'HTTP_USER_AGENT' => 'Mozilla/5.0 (Windows NT 10.0; Win64; x64) AppleWebKit/537.36 (KHTML, like Gecko) Chrome/73.0.3683.103 Safari/537.36'
    'HTTP_ACCEPT' => 'text/html,application/xhtml+xml,application/xml;q=0.9,image/webp,image/apng,*/*;q=0.8,application/signed-exchange;v=b3'
    'HTTP_ACCEPT_ENCODING' => 'gzip, deflate, br'
    'HTTP_ACCEPT_LANGUAGE' => 'zh-CN,zh;q=0.9'
    'HTTP_COOKIE' => '_csrf=346cb5a16f6aedddd5e9615250b9ff3c125bd74d7b75c55a843fc03b5877999da%3A2%3A%7Bi%3A0%3Bs%3A5%3A%22_csrf%22%3Bi%3A1%3Bs%3A32%3A%22j7cuxN3acaEv2_SsLE2AcoRmGumInsir%22%3B%7D; PHPSESSID=a01mkh3bbnhifs9n6dbbtm93m2'
    'PATH' => 'C:\\Program Files\\VanDyke Software\\Clients\\;E:\\Python27\\;E:\\Python27\\Scripts;C:\\Program Files (x86)\\Common Files\\Oracle\\Java\\javapath;C:\\Program Files (x86)\\Intel\\iCLS Client\\;C:\\Program Files\\Intel\\iCLS Client\\;C:\\Windows\\system32;C:\\Windows;C:\\Windows\\System32\\Wbem;C:\\Windows\\System32\\WindowsPowerShell\\v1.0\\;C:\\Program Files (x86)\\NVIDIA Corporation\\PhysX\\Common;C:\\Program Files (x86)\\Intel\\Intel(R) Management Engine Components\\DAL;C:\\Program Files\\Intel\\Intel(R) Management Engine Components\\DAL;C:\\Program Files (x86)\\Intel\\Intel(R) Management Engine Components\\IPT;C:\\Program Files\\Intel\\Intel(R) Management Engine Components\\IPT;C:\\WINDOWS\\system32;C:\\WINDOWS;C:\\WINDOWS\\System32\\Wbem;C:\\WINDOWS\\System32\\WindowsPowerShell\\v1.0\\;C:\\Program Files\\dotnet\\;C:\\WINDOWS\\System32\\OpenSSH\\;C:\\Program Files\\Java\\jdk1.8.0_172\\bin;E:\\android_sdk\\platform-tools;E:\\android_sdk\\tools;E:\\mysql-8.0.13-winx64\\bin;E:\\Program Files (x86)\\opencv\\build\\x64\\vc15\\bin;C:\\Program Files\\Microsoft SQL Server\\130\\Tools\\Binn\\;E:\\MinGW\\include;E:\\MinGW\\lib;E:\\Python;C:\\Users\\Peng\\AppData\\Local\\Microsoft\\WindowsApps;C:\\Program Files\\Java\\jdk1.8.0_172\\bin;'
    'SystemRoot' => 'C:\\WINDOWS'
    'COMSPEC' => 'C:\\WINDOWS\\system32\\cmd.exe'
    'PATHEXT' => '.COM;.EXE;.BAT;.CMD;.VBS;.VBE;.JS;.JSE;.WSF;.WSH;.MSC'
    'WINDIR' => 'C:\\WINDOWS'
    'SERVER_SIGNATURE' => '<address>Apache/2.4.39 (Win64) OpenSSL/1.1.1b PHP/7.3.4 Server at 127.0.0.1 Port 8080</address>
'
    'SERVER_SOFTWARE' => 'Apache/2.4.39 (Win64) OpenSSL/1.1.1b PHP/7.3.4'
    'SERVER_NAME' => '127.0.0.1'
    'SERVER_ADDR' => '127.0.0.1'
    'SERVER_PORT' => '8080'
    'REMOTE_ADDR' => '127.0.0.1'
    'DOCUMENT_ROOT' => 'E:/xampp/htdocs'
    'REQUEST_SCHEME' => 'http'
    'CONTEXT_PREFIX' => ''
    'CONTEXT_DOCUMENT_ROOT' => 'E:/xampp/htdocs'
    'SERVER_ADMIN' => 'postmaster@localhost'
    'SCRIPT_FILENAME' => 'E:/xampp/htdocs/basic/web/index.php'
    'REMOTE_PORT' => '60741'
    'GATEWAY_INTERFACE' => 'CGI/1.1'
    'SERVER_PROTOCOL' => 'HTTP/1.1'
    'REQUEST_METHOD' => 'GET'
    'QUERY_STRING' => 'r=site%2Fhello&s=1'
    'REQUEST_URI' => '/basic/web/index.php?r=site%2Fhello&s=1'
    'SCRIPT_NAME' => '/basic/web/index.php'
    'PHP_SELF' => '/basic/web/index.php'
    'REQUEST_TIME_FLOAT' => 1556774705.591
    'REQUEST_TIME' => 1556774705
]
2019-05-02 09:21:45 [::1][-][t0i87brru7s1cdu08r0ano932h][error][yii\db\Exception] PDOException: SQLSTATE[HY000] [1045] Access denied for user 'root'@'localhost' (using password: NO) in E:\xampp\htdocs\basic\vendor\yiisoft\yii2\db\Connection.php:687
Stack trace:
#0 E:\xampp\htdocs\basic\vendor\yiisoft\yii2\db\Connection.php(687): PDO->__construct('mysql:host=loca...', 'root', '', NULL)
#1 E:\xampp\htdocs\basic\vendor\yiisoft\yii2\db\Connection.php(613): yii\db\Connection->createPdoInstance()
#2 E:\xampp\htdocs\basic\vendor\yiisoft\yii2\db\Connection.php(996): yii\db\Connection->open()
#3 E:\xampp\htdocs\basic\vendor\yiisoft\yii2\db\Connection.php(983): yii\db\Connection->getMasterPdo()
#4 E:\xampp\htdocs\basic\vendor\yiisoft\yii2\db\Command.php(253): yii\db\Connection->getSlavePdo()
#5 E:\xampp\htdocs\basic\vendor\yiisoft\yii2\db\Command.php(1153): yii\db\Command->prepare(true)
#6 E:\xampp\htdocs\basic\vendor\yiisoft\yii2\db\Command.php(442): yii\db\Command->queryInternal('fetchAll', 7)
#7 E:\xampp\htdocs\basic\vendor\yiisoft\yii2\db\mysql\Schema.php(114): yii\db\Command->queryColumn()
#8 E:\xampp\htdocs\basic\vendor\yiisoft\yii2\db\Schema.php(237): yii\db\mysql\Schema->findTableNames('')
#9 E:\xampp\htdocs\basic\vendor\yiisoft\yii2-gii\src\generators\model\Generator.php(171): yii\db\Schema->getTableNames()
#10 [internal function]: yii\gii\generators\model\Generator->yii\gii\generators\model\{closure}()
#11 E:\xampp\htdocs\basic\vendor\yiisoft\yii2-gii\src\components\ActiveField.php(46): call_user_func(Object(Closure))
#12 E:\xampp\htdocs\basic\vendor\yiisoft\yii2\base\BaseObject.php(109): yii\gii\components\ActiveField->init()
#13 [internal function]: yii\base\BaseObject->__construct(Array)
#14 E:\xampp\htdocs\basic\vendor\yiisoft\yii2\di\Container.php(384): ReflectionClass->newInstanceArgs(Array)
#15 E:\xampp\htdocs\basic\vendor\yiisoft\yii2\di\Container.php(156): yii\di\Container->build('yii\\gii\\compone...', Array, Array)
#16 E:\xampp\htdocs\basic\vendor\yiisoft\yii2\BaseYii.php(349): yii\di\Container->get('yii\\gii\\compone...', Array, Array)
#17 E:\xampp\htdocs\basic\vendor\yiisoft\yii2\widgets\ActiveForm.php(334): yii\BaseYii::createObject(Array)
#18 E:\xampp\htdocs\basic\vendor\yiisoft\yii2-gii\src\generators\model\form.php(9): yii\widgets\ActiveForm->field(Object(yii\gii\generators\model\Generator), 'tableName')
#19 E:\xampp\htdocs\basic\vendor\yiisoft\yii2\base\View.php(348): require('E:\\xampp\\htdocs...')
#20 E:\xampp\htdocs\basic\vendor\yiisoft\yii2\base\View.php(257): yii\base\View->renderPhpFile('E:\\xampp\\htdocs...', '[<span class="s...')
#21 E:\xampp\htdocs\basic\vendor\yiisoft\yii2-gii\src\views\default\view.php(43): yii\base\View->renderFile('E:\\xampp\\htdocs...', Array)
#22 E:\xampp\htdocs\basic\vendor\yiisoft\yii2\base\View.php(348): require('E:\\xampp\\htdocs...')
#23 E:\xampp\htdocs\basic\vendor\yiisoft\yii2\base\View.php(257): yii\base\View->renderPhpFile('E:\\xampp\\htdocs...', '[<span class="s...')
#24 E:\xampp\htdocs\basic\vendor\yiisoft\yii2\base\View.php(156): yii\base\View->renderFile('E:\\xampp\\htdocs...', Array, Object(yii\gii\controllers\DefaultController))
#25 E:\xampp\htdocs\basic\vendor\yiisoft\yii2\base\Controller.php(384): yii\base\View->render('view', Array, Object(yii\gii\controllers\DefaultController))
#26 E:\xampp\htdocs\basic\vendor\yiisoft\yii2-gii\src\controllers\DefaultController.php(72): yii\base\Controller->render('view', Array)
#27 [internal function]: yii\gii\controllers\DefaultController->actionView('model')
#28 E:\xampp\htdocs\basic\vendor\yiisoft\yii2\base\InlineAction.php(57): call_user_func_array(Array, Array)
#29 E:\xampp\htdocs\basic\vendor\yiisoft\yii2\base\Controller.php(157): yii\base\InlineAction->runWithParams(Array)
#30 E:\xampp\htdocs\basic\vendor\yiisoft\yii2\base\Module.php(528): yii\base\Controller->runAction('view', Array)
#31 E:\xampp\htdocs\basic\vendor\yiisoft\yii2\web\Application.php(103): yii\base\Module->runAction('gii/default/vie...', Array)
#32 E:\xampp\htdocs\basic\vendor\yiisoft\yii2\base\Application.php(386): yii\web\Application->handleRequest(Object(yii\web\Request))
#33 E:\xampp\htdocs\basic\web\index.php(12): yii\base\Application->run()
#34 {main}

Next yii\db\Exception: SQLSTATE[HY000] [1045] Access denied for user 'root'@'localhost' (using password: NO) in E:\xampp\htdocs\basic\vendor\yiisoft\yii2\db\Connection.php:624
Stack trace:
#0 E:\xampp\htdocs\basic\vendor\yiisoft\yii2\db\Connection.php(996): yii\db\Connection->open()
#1 E:\xampp\htdocs\basic\vendor\yiisoft\yii2\db\Connection.php(983): yii\db\Connection->getMasterPdo()
#2 E:\xampp\htdocs\basic\vendor\yiisoft\yii2\db\Command.php(253): yii\db\Connection->getSlavePdo()
#3 E:\xampp\htdocs\basic\vendor\yiisoft\yii2\db\Command.php(1153): yii\db\Command->prepare(true)
#4 E:\xampp\htdocs\basic\vendor\yiisoft\yii2\db\Command.php(442): yii\db\Command->queryInternal('fetchAll', 7)
#5 E:\xampp\htdocs\basic\vendor\yiisoft\yii2\db\mysql\Schema.php(114): yii\db\Command->queryColumn()
#6 E:\xampp\htdocs\basic\vendor\yiisoft\yii2\db\Schema.php(237): yii\db\mysql\Schema->findTableNames('')
#7 E:\xampp\htdocs\basic\vendor\yiisoft\yii2-gii\src\generators\model\Generator.php(171): yii\db\Schema->getTableNames()
#8 [internal function]: yii\gii\generators\model\Generator->yii\gii\generators\model\{closure}()
#9 E:\xampp\htdocs\basic\vendor\yiisoft\yii2-gii\src\components\ActiveField.php(46): call_user_func(Object(Closure))
#10 E:\xampp\htdocs\basic\vendor\yiisoft\yii2\base\BaseObject.php(109): yii\gii\components\ActiveField->init()
#11 [internal function]: yii\base\BaseObject->__construct(Array)
#12 E:\xampp\htdocs\basic\vendor\yiisoft\yii2\di\Container.php(384): ReflectionClass->newInstanceArgs(Array)
#13 E:\xampp\htdocs\basic\vendor\yiisoft\yii2\di\Container.php(156): yii\di\Container->build('yii\\gii\\compone...', Array, Array)
#14 E:\xampp\htdocs\basic\vendor\yiisoft\yii2\BaseYii.php(349): yii\di\Container->get('yii\\gii\\compone...', Array, Array)
#15 E:\xampp\htdocs\basic\vendor\yiisoft\yii2\widgets\ActiveForm.php(334): yii\BaseYii::createObject(Array)
#16 E:\xampp\htdocs\basic\vendor\yiisoft\yii2-gii\src\generators\model\form.php(9): yii\widgets\ActiveForm->field(Object(yii\gii\generators\model\Generator), 'tableName')
#17 E:\xampp\htdocs\basic\vendor\yiisoft\yii2\base\View.php(348): require('E:\\xampp\\htdocs...')
#18 E:\xampp\htdocs\basic\vendor\yiisoft\yii2\base\View.php(257): yii\base\View->renderPhpFile('E:\\xampp\\htdocs...', '[<span class="s...')
#19 E:\xampp\htdocs\basic\vendor\yiisoft\yii2-gii\src\views\default\view.php(43): yii\base\View->renderFile('E:\\xampp\\htdocs...', Array)
#20 E:\xampp\htdocs\basic\vendor\yiisoft\yii2\base\View.php(348): require('E:\\xampp\\htdocs...')
#21 E:\xampp\htdocs\basic\vendor\yiisoft\yii2\base\View.php(257): yii\base\View->renderPhpFile('E:\\xampp\\htdocs...', '[<span class="s...')
#22 E:\xampp\htdocs\basic\vendor\yiisoft\yii2\base\View.php(156): yii\base\View->renderFile('E:\\xampp\\htdocs...', Array, Object(yii\gii\controllers\DefaultController))
#23 E:\xampp\htdocs\basic\vendor\yiisoft\yii2\base\Controller.php(384): yii\base\View->render('view', Array, Object(yii\gii\controllers\DefaultController))
#24 E:\xampp\htdocs\basic\vendor\yiisoft\yii2-gii\src\controllers\DefaultController.php(72): yii\base\Controller->render('view', Array)
#25 [internal function]: yii\gii\controllers\DefaultController->actionView('model')
#26 E:\xampp\htdocs\basic\vendor\yiisoft\yii2\base\InlineAction.php(57): call_user_func_array(Array, Array)
#27 E:\xampp\htdocs\basic\vendor\yiisoft\yii2\base\Controller.php(157): yii\base\InlineAction->runWithParams(Array)
#28 E:\xampp\htdocs\basic\vendor\yiisoft\yii2\base\Module.php(528): yii\base\Controller->runAction('view', Array)
#29 E:\xampp\htdocs\basic\vendor\yiisoft\yii2\web\Application.php(103): yii\base\Module->runAction('gii/default/vie...', Array)
#30 E:\xampp\htdocs\basic\vendor\yiisoft\yii2\base\Application.php(386): yii\web\Application->handleRequest(Object(yii\web\Request))
#31 E:\xampp\htdocs\basic\web\index.php(12): yii\base\Application->run()
#32 {main}
Additional Information:

2019-05-02 09:21:45 [::1][-][t0i87brru7s1cdu08r0ano932h][info][application] $_GET = [
    'r' => 'gii/default/view'
    'id' => 'model'
]

$_POST = []

$_FILES = []

$_COOKIE = [
    'PHPSESSID' => 't0i87brru7s1cdu08r0ano932h'
    '_csrf' => 'eda3b0425cbf89df1a9e6ec4ccd7439ebfc00eb9c0bd288290618e22d1bbbd6da:2:{i:0;s:5:\"_csrf\";i:1;s:32:\"nUyywUdpJ7bR-0XXVdPG6UGYjCnfvSEm\";}'
]

$_SESSION = [
    '__flash' => []
]

$_SERVER = [
    'MIBDIRS' => 'E:/xampp/php/extras/mibs'
    'MYSQL_HOME' => '\\xampp\\mysql\\bin'
    'OPENSSL_CONF' => 'E:/xampp/apache/bin/openssl.cnf'
    'PHP_PEAR_SYSCONF_DIR' => '\\xampp\\php'
    'PHPRC' => '\\xampp\\php'
    'TMP' => '\\xampp\\tmp'
    'HTTP_HOST' => 'localhost:8080'
    'HTTP_CONNECTION' => 'keep-alive'
    'HTTP_UPGRADE_INSECURE_REQUESTS' => '1'
    'HTTP_USER_AGENT' => 'Mozilla/5.0 (Windows NT 10.0; Win64; x64) AppleWebKit/537.36 (KHTML, like Gecko) Chrome/73.0.3683.103 Safari/537.36'
    'HTTP_ACCEPT' => 'text/html,application/xhtml+xml,application/xml;q=0.9,image/webp,image/apng,*/*;q=0.8,application/signed-exchange;v=b3'
    'HTTP_REFERER' => 'http://localhost:8080/basic/web/index.php?r=gii'
    'HTTP_ACCEPT_ENCODING' => 'gzip, deflate, br'
    'HTTP_ACCEPT_LANGUAGE' => 'zh-CN,zh;q=0.9'
    'HTTP_COOKIE' => 'PHPSESSID=t0i87brru7s1cdu08r0ano932h; _csrf=eda3b0425cbf89df1a9e6ec4ccd7439ebfc00eb9c0bd288290618e22d1bbbd6da%3A2%3A%7Bi%3A0%3Bs%3A5%3A%22_csrf%22%3Bi%3A1%3Bs%3A32%3A%22nUyywUdpJ7bR-0XXVdPG6UGYjCnfvSEm%22%3B%7D'
    'PATH' => 'C:\\Program Files\\VanDyke Software\\Clients\\;E:\\Python27\\;E:\\Python27\\Scripts;C:\\Program Files (x86)\\Common Files\\Oracle\\Java\\javapath;C:\\Program Files (x86)\\Intel\\iCLS Client\\;C:\\Program Files\\Intel\\iCLS Client\\;C:\\Windows\\system32;C:\\Windows;C:\\Windows\\System32\\Wbem;C:\\Windows\\System32\\WindowsPowerShell\\v1.0\\;C:\\Program Files (x86)\\NVIDIA Corporation\\PhysX\\Common;C:\\Program Files (x86)\\Intel\\Intel(R) Management Engine Components\\DAL;C:\\Program Files\\Intel\\Intel(R) Management Engine Components\\DAL;C:\\Program Files (x86)\\Intel\\Intel(R) Management Engine Components\\IPT;C:\\Program Files\\Intel\\Intel(R) Management Engine Components\\IPT;C:\\WINDOWS\\system32;C:\\WINDOWS;C:\\WINDOWS\\System32\\Wbem;C:\\WINDOWS\\System32\\WindowsPowerShell\\v1.0\\;C:\\Program Files\\dotnet\\;C:\\WINDOWS\\System32\\OpenSSH\\;C:\\Program Files\\Java\\jdk1.8.0_172\\bin;E:\\android_sdk\\platform-tools;E:\\android_sdk\\tools;E:\\Program Files (x86)\\opencv\\build\\x64\\vc15\\bin;C:\\Program Files\\Microsoft SQL Server\\130\\Tools\\Binn\\;E:\\MinGW\\include;E:\\MinGW\\lib;E:\\Python;C:\\Users\\Peng\\AppData\\Local\\Microsoft\\WindowsApps;C:\\Program Files\\Java\\jdk1.8.0_172\\bin;'
    'SystemRoot' => 'C:\\WINDOWS'
    'COMSPEC' => 'C:\\WINDOWS\\system32\\cmd.exe'
    'PATHEXT' => '.COM;.EXE;.BAT;.CMD;.VBS;.VBE;.JS;.JSE;.WSF;.WSH;.MSC'
    'WINDIR' => 'C:\\WINDOWS'
    'SERVER_SIGNATURE' => '<address>Apache/2.4.39 (Win64) OpenSSL/1.1.1b PHP/7.3.4 Server at localhost Port 8080</address>
'
    'SERVER_SOFTWARE' => 'Apache/2.4.39 (Win64) OpenSSL/1.1.1b PHP/7.3.4'
    'SERVER_NAME' => 'localhost'
    'SERVER_ADDR' => '::1'
    'SERVER_PORT' => '8080'
    'REMOTE_ADDR' => '::1'
    'DOCUMENT_ROOT' => 'E:/xampp/htdocs'
    'REQUEST_SCHEME' => 'http'
    'CONTEXT_PREFIX' => ''
    'CONTEXT_DOCUMENT_ROOT' => 'E:/xampp/htdocs'
    'SERVER_ADMIN' => 'postmaster@localhost'
    'SCRIPT_FILENAME' => 'E:/xampp/htdocs/basic/web/index.php'
    'REMOTE_PORT' => '62986'
    'GATEWAY_INTERFACE' => 'CGI/1.1'
    'SERVER_PROTOCOL' => 'HTTP/1.1'
    'REQUEST_METHOD' => 'GET'
    'QUERY_STRING' => 'r=gii%2Fdefault%2Fview&id=model'
    'REQUEST_URI' => '/basic/web/index.php?r=gii%2Fdefault%2Fview&id=model'
    'SCRIPT_NAME' => '/basic/web/index.php'
    'PHP_SELF' => '/basic/web/index.php'
    'REQUEST_TIME_FLOAT' => 1556781705.505
    'REQUEST_TIME' => 1556781705
]
2019-05-03 05:14:54 [::1][-][f553ulh1mq2aeh87eus7uu1i5l][error][yii\web\HttpException:404] yii\base\InvalidRouteException: Unable to resolve the request: site/vem in E:\xampp\htdocs\basic\vendor\yiisoft\yii2\base\Controller.php:128
Stack trace:
#0 E:\xampp\htdocs\basic\vendor\yiisoft\yii2\base\Module.php(528): yii\base\Controller->runAction('vem', Array)
#1 E:\xampp\htdocs\basic\vendor\yiisoft\yii2\web\Application.php(103): yii\base\Module->runAction('site/vem', Array)
#2 E:\xampp\htdocs\basic\vendor\yiisoft\yii2\base\Application.php(386): yii\web\Application->handleRequest(Object(yii\web\Request))
#3 E:\xampp\htdocs\basic\web\index.php(12): yii\base\Application->run()
#4 {main}

Next yii\web\NotFoundHttpException: Page not found. in E:\xampp\htdocs\basic\vendor\yiisoft\yii2\web\Application.php:115
Stack trace:
#0 E:\xampp\htdocs\basic\vendor\yiisoft\yii2\base\Application.php(386): yii\web\Application->handleRequest(Object(yii\web\Request))
#1 E:\xampp\htdocs\basic\web\index.php(12): yii\base\Application->run()
#2 {main}
2019-05-03 05:14:54 [::1][-][f553ulh1mq2aeh87eus7uu1i5l][info][application] $_GET = [
    'r' => 'site/vem'
]

$_POST = []

$_FILES = []

$_COOKIE = [
    'PHPSESSID' => 'f553ulh1mq2aeh87eus7uu1i5l'
    '_csrf' => 'aa41ed9dbc18905e090d3b6f3d4ea0e2fcc864f134b88b1bf19428fb16d50da1a:2:{i:0;s:5:\"_csrf\";i:1;s:32:\"q-UnCbMmLOpRMTPLB6iD3wJST_jZy3Vo\";}'
]

$_SESSION = [
    '__flash' => []
]

$_SERVER = [
    'MIBDIRS' => 'E:/xampp/php/extras/mibs'
    'MYSQL_HOME' => '\\xampp\\mysql\\bin'
    'OPENSSL_CONF' => 'E:/xampp/apache/bin/openssl.cnf'
    'PHP_PEAR_SYSCONF_DIR' => '\\xampp\\php'
    'PHPRC' => '\\xampp\\php'
    'TMP' => '\\xampp\\tmp'
    'HTTP_HOST' => 'localhost:8080'
    'HTTP_CONNECTION' => 'keep-alive'
    'HTTP_UPGRADE_INSECURE_REQUESTS' => '1'
    'HTTP_USER_AGENT' => 'Mozilla/5.0 (Windows NT 10.0; Win64; x64) AppleWebKit/537.36 (KHTML, like Gecko) Chrome/73.0.3683.103 Safari/537.36'
    'HTTP_ACCEPT' => 'text/html,application/xhtml+xml,application/xml;q=0.9,image/webp,image/apng,*/*;q=0.8,application/signed-exchange;v=b3'
    'HTTP_ACCEPT_ENCODING' => 'gzip, deflate, br'
    'HTTP_ACCEPT_LANGUAGE' => 'zh-CN,zh;q=0.9'
    'HTTP_COOKIE' => 'PHPSESSID=f553ulh1mq2aeh87eus7uu1i5l; _csrf=aa41ed9dbc18905e090d3b6f3d4ea0e2fcc864f134b88b1bf19428fb16d50da1a%3A2%3A%7Bi%3A0%3Bs%3A5%3A%22_csrf%22%3Bi%3A1%3Bs%3A32%3A%22q-UnCbMmLOpRMTPLB6iD3wJST_jZy3Vo%22%3B%7D'
    'PATH' => 'C:\\Program Files\\VanDyke Software\\Clients\\;E:\\Python27\\;E:\\Python27\\Scripts;C:\\Program Files (x86)\\Common Files\\Oracle\\Java\\javapath;C:\\Program Files (x86)\\Intel\\iCLS Client\\;C:\\Program Files\\Intel\\iCLS Client\\;C:\\Windows\\system32;C:\\Windows;C:\\Windows\\System32\\Wbem;C:\\Windows\\System32\\WindowsPowerShell\\v1.0\\;C:\\Program Files (x86)\\NVIDIA Corporation\\PhysX\\Common;C:\\Program Files (x86)\\Intel\\Intel(R) Management Engine Components\\DAL;C:\\Program Files\\Intel\\Intel(R) Management Engine Components\\DAL;C:\\Program Files (x86)\\Intel\\Intel(R) Management Engine Components\\IPT;C:\\Program Files\\Intel\\Intel(R) Management Engine Components\\IPT;C:\\WINDOWS\\system32;C:\\WINDOWS;C:\\WINDOWS\\System32\\Wbem;C:\\WINDOWS\\System32\\WindowsPowerShell\\v1.0\\;C:\\Program Files\\dotnet\\;C:\\WINDOWS\\System32\\OpenSSH\\;C:\\Program Files\\Java\\jdk1.8.0_172\\bin;E:\\android_sdk\\platform-tools;E:\\android_sdk\\tools;E:\\Program Files (x86)\\opencv\\build\\x64\\vc15\\bin;C:\\Program Files\\Microsoft SQL Server\\130\\Tools\\Binn\\;E:\\MinGW\\include;E:\\MinGW\\lib;E:\\Python;C:\\Users\\Peng\\AppData\\Local\\Microsoft\\WindowsApps;C:\\Program Files\\Java\\jdk1.8.0_172\\bin;'
    'SystemRoot' => 'C:\\WINDOWS'
    'COMSPEC' => 'C:\\WINDOWS\\system32\\cmd.exe'
    'PATHEXT' => '.COM;.EXE;.BAT;.CMD;.VBS;.VBE;.JS;.JSE;.WSF;.WSH;.MSC'
    'WINDIR' => 'C:\\WINDOWS'
    'SERVER_SIGNATURE' => '<address>Apache/2.4.39 (Win64) OpenSSL/1.1.1b PHP/7.3.4 Server at localhost Port 8080</address>
'
    'SERVER_SOFTWARE' => 'Apache/2.4.39 (Win64) OpenSSL/1.1.1b PHP/7.3.4'
    'SERVER_NAME' => 'localhost'
    'SERVER_ADDR' => '::1'
    'SERVER_PORT' => '8080'
    'REMOTE_ADDR' => '::1'
    'DOCUMENT_ROOT' => 'E:/xampp/htdocs'
    'REQUEST_SCHEME' => 'http'
    'CONTEXT_PREFIX' => ''
    'CONTEXT_DOCUMENT_ROOT' => 'E:/xampp/htdocs'
    'SERVER_ADMIN' => 'postmaster@localhost'
    'SCRIPT_FILENAME' => 'E:/xampp/htdocs/basic/web/index.php'
    'REMOTE_PORT' => '54244'
    'GATEWAY_INTERFACE' => 'CGI/1.1'
    'SERVER_PROTOCOL' => 'HTTP/1.1'
    'REQUEST_METHOD' => 'GET'
    'QUERY_STRING' => 'r=site%2Fvem'
    'REQUEST_URI' => '/basic/web/index.php?r=site%2Fvem'
    'SCRIPT_NAME' => '/basic/web/index.php'
    'PHP_SELF' => '/basic/web/index.php'
    'REQUEST_TIME_FLOAT' => 1556853294.234
    'REQUEST_TIME' => 1556853294
]
2019-05-03 05:15:06 [::1][-][f553ulh1mq2aeh87eus7uu1i5l][error][yii\web\HttpException:404] yii\base\InvalidRouteException: Unable to resolve the request: site/Vem in E:\xampp\htdocs\basic\vendor\yiisoft\yii2\base\Controller.php:128
Stack trace:
#0 E:\xampp\htdocs\basic\vendor\yiisoft\yii2\base\Module.php(528): yii\base\Controller->runAction('Vem', Array)
#1 E:\xampp\htdocs\basic\vendor\yiisoft\yii2\web\Application.php(103): yii\base\Module->runAction('site/Vem', Array)
#2 E:\xampp\htdocs\basic\vendor\yiisoft\yii2\base\Application.php(386): yii\web\Application->handleRequest(Object(yii\web\Request))
#3 E:\xampp\htdocs\basic\web\index.php(12): yii\base\Application->run()
#4 {main}

Next yii\web\NotFoundHttpException: Page not found. in E:\xampp\htdocs\basic\vendor\yiisoft\yii2\web\Application.php:115
Stack trace:
#0 E:\xampp\htdocs\basic\vendor\yiisoft\yii2\base\Application.php(386): yii\web\Application->handleRequest(Object(yii\web\Request))
#1 E:\xampp\htdocs\basic\web\index.php(12): yii\base\Application->run()
#2 {main}
2019-05-03 05:15:06 [::1][-][f553ulh1mq2aeh87eus7uu1i5l][info][application] $_GET = [
    'r' => 'site/Vem'
]

$_POST = []

$_FILES = []

$_COOKIE = [
    'PHPSESSID' => 'f553ulh1mq2aeh87eus7uu1i5l'
    '_csrf' => 'aa41ed9dbc18905e090d3b6f3d4ea0e2fcc864f134b88b1bf19428fb16d50da1a:2:{i:0;s:5:\"_csrf\";i:1;s:32:\"q-UnCbMmLOpRMTPLB6iD3wJST_jZy3Vo\";}'
]

$_SESSION = [
    '__flash' => []
]

$_SERVER = [
    'MIBDIRS' => 'E:/xampp/php/extras/mibs'
    'MYSQL_HOME' => '\\xampp\\mysql\\bin'
    'OPENSSL_CONF' => 'E:/xampp/apache/bin/openssl.cnf'
    'PHP_PEAR_SYSCONF_DIR' => '\\xampp\\php'
    'PHPRC' => '\\xampp\\php'
    'TMP' => '\\xampp\\tmp'
    'HTTP_HOST' => 'localhost:8080'
    'HTTP_CONNECTION' => 'keep-alive'
    'HTTP_UPGRADE_INSECURE_REQUESTS' => '1'
    'HTTP_USER_AGENT' => 'Mozilla/5.0 (Windows NT 10.0; Win64; x64) AppleWebKit/537.36 (KHTML, like Gecko) Chrome/73.0.3683.103 Safari/537.36'
    'HTTP_ACCEPT' => 'text/html,application/xhtml+xml,application/xml;q=0.9,image/webp,image/apng,*/*;q=0.8,application/signed-exchange;v=b3'
    'HTTP_ACCEPT_ENCODING' => 'gzip, deflate, br'
    'HTTP_ACCEPT_LANGUAGE' => 'zh-CN,zh;q=0.9'
    'HTTP_COOKIE' => 'PHPSESSID=f553ulh1mq2aeh87eus7uu1i5l; _csrf=aa41ed9dbc18905e090d3b6f3d4ea0e2fcc864f134b88b1bf19428fb16d50da1a%3A2%3A%7Bi%3A0%3Bs%3A5%3A%22_csrf%22%3Bi%3A1%3Bs%3A32%3A%22q-UnCbMmLOpRMTPLB6iD3wJST_jZy3Vo%22%3B%7D'
    'PATH' => 'C:\\Program Files\\VanDyke Software\\Clients\\;E:\\Python27\\;E:\\Python27\\Scripts;C:\\Program Files (x86)\\Common Files\\Oracle\\Java\\javapath;C:\\Program Files (x86)\\Intel\\iCLS Client\\;C:\\Program Files\\Intel\\iCLS Client\\;C:\\Windows\\system32;C:\\Windows;C:\\Windows\\System32\\Wbem;C:\\Windows\\System32\\WindowsPowerShell\\v1.0\\;C:\\Program Files (x86)\\NVIDIA Corporation\\PhysX\\Common;C:\\Program Files (x86)\\Intel\\Intel(R) Management Engine Components\\DAL;C:\\Program Files\\Intel\\Intel(R) Management Engine Components\\DAL;C:\\Program Files (x86)\\Intel\\Intel(R) Management Engine Components\\IPT;C:\\Program Files\\Intel\\Intel(R) Management Engine Components\\IPT;C:\\WINDOWS\\system32;C:\\WINDOWS;C:\\WINDOWS\\System32\\Wbem;C:\\WINDOWS\\System32\\WindowsPowerShell\\v1.0\\;C:\\Program Files\\dotnet\\;C:\\WINDOWS\\System32\\OpenSSH\\;C:\\Program Files\\Java\\jdk1.8.0_172\\bin;E:\\android_sdk\\platform-tools;E:\\android_sdk\\tools;E:\\Program Files (x86)\\opencv\\build\\x64\\vc15\\bin;C:\\Program Files\\Microsoft SQL Server\\130\\Tools\\Binn\\;E:\\MinGW\\include;E:\\MinGW\\lib;E:\\Python;C:\\Users\\Peng\\AppData\\Local\\Microsoft\\WindowsApps;C:\\Program Files\\Java\\jdk1.8.0_172\\bin;'
    'SystemRoot' => 'C:\\WINDOWS'
    'COMSPEC' => 'C:\\WINDOWS\\system32\\cmd.exe'
    'PATHEXT' => '.COM;.EXE;.BAT;.CMD;.VBS;.VBE;.JS;.JSE;.WSF;.WSH;.MSC'
    'WINDIR' => 'C:\\WINDOWS'
    'SERVER_SIGNATURE' => '<address>Apache/2.4.39 (Win64) OpenSSL/1.1.1b PHP/7.3.4 Server at localhost Port 8080</address>
'
    'SERVER_SOFTWARE' => 'Apache/2.4.39 (Win64) OpenSSL/1.1.1b PHP/7.3.4'
    'SERVER_NAME' => 'localhost'
    'SERVER_ADDR' => '::1'
    'SERVER_PORT' => '8080'
    'REMOTE_ADDR' => '::1'
    'DOCUMENT_ROOT' => 'E:/xampp/htdocs'
    'REQUEST_SCHEME' => 'http'
    'CONTEXT_PREFIX' => ''
    'CONTEXT_DOCUMENT_ROOT' => 'E:/xampp/htdocs'
    'SERVER_ADMIN' => 'postmaster@localhost'
    'SCRIPT_FILENAME' => 'E:/xampp/htdocs/basic/web/index.php'
    'REMOTE_PORT' => '54248'
    'GATEWAY_INTERFACE' => 'CGI/1.1'
    'SERVER_PROTOCOL' => 'HTTP/1.1'
    'REQUEST_METHOD' => 'GET'
    'QUERY_STRING' => 'r=site%2FVem'
    'REQUEST_URI' => '/basic/web/index.php?r=site%2FVem'
    'SCRIPT_NAME' => '/basic/web/index.php'
    'PHP_SELF' => '/basic/web/index.php'
    'REQUEST_TIME_FLOAT' => 1556853306.424
    'REQUEST_TIME' => 1556853306
]
2019-05-03 05:33:58 [::1][-][f553ulh1mq2aeh87eus7uu1i5l][error][ArgumentCountError] ArgumentCountError: Too few arguments to function yii\base\Controller::__construct(), 0 passed in E:\xampp\htdocs\basic\controllers\SiteController.php on line 142 and at least 2 expected in E:\xampp\htdocs\basic\vendor\yiisoft\yii2\base\Controller.php:82
Stack trace:
#0 E:\xampp\htdocs\basic\controllers\SiteController.php(142): yii\base\Controller->__construct()
#1 [internal function]: app\controllers\SiteController->actionHello('h')
#2 E:\xampp\htdocs\basic\vendor\yiisoft\yii2\base\InlineAction.php(57): call_user_func_array(Array, Array)
#3 E:\xampp\htdocs\basic\vendor\yiisoft\yii2\base\Controller.php(157): yii\base\InlineAction->runWithParams(Array)
#4 E:\xampp\htdocs\basic\vendor\yiisoft\yii2\base\Module.php(528): yii\base\Controller->runAction('hello', Array)
#5 E:\xampp\htdocs\basic\vendor\yiisoft\yii2\web\Application.php(103): yii\base\Module->runAction('site/hello', Array)
#6 E:\xampp\htdocs\basic\vendor\yiisoft\yii2\base\Application.php(386): yii\web\Application->handleRequest(Object(yii\web\Request))
#7 E:\xampp\htdocs\basic\web\index.php(12): yii\base\Application->run()
#8 {main}
2019-05-03 05:33:58 [::1][-][f553ulh1mq2aeh87eus7uu1i5l][info][application] $_GET = [
    'r' => 'site/hello'
]

$_POST = []

$_FILES = []

$_COOKIE = [
    'PHPSESSID' => 'f553ulh1mq2aeh87eus7uu1i5l'
    '_csrf' => 'aa41ed9dbc18905e090d3b6f3d4ea0e2fcc864f134b88b1bf19428fb16d50da1a:2:{i:0;s:5:\"_csrf\";i:1;s:32:\"q-UnCbMmLOpRMTPLB6iD3wJST_jZy3Vo\";}'
]

$_SESSION = [
    '__flash' => []
]

$_SERVER = [
    'MIBDIRS' => 'E:/xampp/php/extras/mibs'
    'MYSQL_HOME' => '\\xampp\\mysql\\bin'
    'OPENSSL_CONF' => 'E:/xampp/apache/bin/openssl.cnf'
    'PHP_PEAR_SYSCONF_DIR' => '\\xampp\\php'
    'PHPRC' => '\\xampp\\php'
    'TMP' => '\\xampp\\tmp'
    'HTTP_HOST' => 'localhost:8080'
    'HTTP_CONNECTION' => 'keep-alive'
    'HTTP_CACHE_CONTROL' => 'max-age=0'
    'HTTP_UPGRADE_INSECURE_REQUESTS' => '1'
    'HTTP_USER_AGENT' => 'Mozilla/5.0 (Windows NT 10.0; Win64; x64) AppleWebKit/537.36 (KHTML, like Gecko) Chrome/73.0.3683.103 Safari/537.36'
    'HTTP_ACCEPT' => 'text/html,application/xhtml+xml,application/xml;q=0.9,image/webp,image/apng,*/*;q=0.8,application/signed-exchange;v=b3'
    'HTTP_ACCEPT_ENCODING' => 'gzip, deflate, br'
    'HTTP_ACCEPT_LANGUAGE' => 'zh-CN,zh;q=0.9'
    'HTTP_COOKIE' => 'PHPSESSID=f553ulh1mq2aeh87eus7uu1i5l; _csrf=aa41ed9dbc18905e090d3b6f3d4ea0e2fcc864f134b88b1bf19428fb16d50da1a%3A2%3A%7Bi%3A0%3Bs%3A5%3A%22_csrf%22%3Bi%3A1%3Bs%3A32%3A%22q-UnCbMmLOpRMTPLB6iD3wJST_jZy3Vo%22%3B%7D'
    'PATH' => 'C:\\Program Files\\VanDyke Software\\Clients\\;E:\\Python27\\;E:\\Python27\\Scripts;C:\\Program Files (x86)\\Common Files\\Oracle\\Java\\javapath;C:\\Program Files (x86)\\Intel\\iCLS Client\\;C:\\Program Files\\Intel\\iCLS Client\\;C:\\Windows\\system32;C:\\Windows;C:\\Windows\\System32\\Wbem;C:\\Windows\\System32\\WindowsPowerShell\\v1.0\\;C:\\Program Files (x86)\\NVIDIA Corporation\\PhysX\\Common;C:\\Program Files (x86)\\Intel\\Intel(R) Management Engine Components\\DAL;C:\\Program Files\\Intel\\Intel(R) Management Engine Components\\DAL;C:\\Program Files (x86)\\Intel\\Intel(R) Management Engine Components\\IPT;C:\\Program Files\\Intel\\Intel(R) Management Engine Components\\IPT;C:\\WINDOWS\\system32;C:\\WINDOWS;C:\\WINDOWS\\System32\\Wbem;C:\\WINDOWS\\System32\\WindowsPowerShell\\v1.0\\;C:\\Program Files\\dotnet\\;C:\\WINDOWS\\System32\\OpenSSH\\;C:\\Program Files\\Java\\jdk1.8.0_172\\bin;E:\\android_sdk\\platform-tools;E:\\android_sdk\\tools;E:\\Program Files (x86)\\opencv\\build\\x64\\vc15\\bin;C:\\Program Files\\Microsoft SQL Server\\130\\Tools\\Binn\\;E:\\MinGW\\include;E:\\MinGW\\lib;E:\\Python;C:\\Users\\Peng\\AppData\\Local\\Microsoft\\WindowsApps;C:\\Program Files\\Java\\jdk1.8.0_172\\bin;'
    'SystemRoot' => 'C:\\WINDOWS'
    'COMSPEC' => 'C:\\WINDOWS\\system32\\cmd.exe'
    'PATHEXT' => '.COM;.EXE;.BAT;.CMD;.VBS;.VBE;.JS;.JSE;.WSF;.WSH;.MSC'
    'WINDIR' => 'C:\\WINDOWS'
    'SERVER_SIGNATURE' => '<address>Apache/2.4.39 (Win64) OpenSSL/1.1.1b PHP/7.3.4 Server at localhost Port 8080</address>
'
    'SERVER_SOFTWARE' => 'Apache/2.4.39 (Win64) OpenSSL/1.1.1b PHP/7.3.4'
    'SERVER_NAME' => 'localhost'
    'SERVER_ADDR' => '::1'
    'SERVER_PORT' => '8080'
    'REMOTE_ADDR' => '::1'
    'DOCUMENT_ROOT' => 'E:/xampp/htdocs'
    'REQUEST_SCHEME' => 'http'
    'CONTEXT_PREFIX' => ''
    'CONTEXT_DOCUMENT_ROOT' => 'E:/xampp/htdocs'
    'SERVER_ADMIN' => 'postmaster@localhost'
    'SCRIPT_FILENAME' => 'E:/xampp/htdocs/basic/web/index.php'
    'REMOTE_PORT' => '54497'
    'GATEWAY_INTERFACE' => 'CGI/1.1'
    'SERVER_PROTOCOL' => 'HTTP/1.1'
    'REQUEST_METHOD' => 'GET'
    'QUERY_STRING' => 'r=site%2Fhello'
    'REQUEST_URI' => '/basic/web/index.php?r=site%2Fhello'
    'SCRIPT_NAME' => '/basic/web/index.php'
    'PHP_SELF' => '/basic/web/index.php'
    'REQUEST_TIME_FLOAT' => 1556854438.744
    'REQUEST_TIME' => 1556854438
]
2019-05-03 05:36:16 [::1][-][f553ulh1mq2aeh87eus7uu1i5l][error][yii\web\HttpException:404] yii\base\InvalidRouteException: Unable to resolve the request "site%2hello". in E:\xampp\htdocs\basic\vendor\yiisoft\yii2\base\Module.php:537
Stack trace:
#0 E:\xampp\htdocs\basic\vendor\yiisoft\yii2\web\Application.php(103): yii\base\Module->runAction('site%2hello', Array)
#1 E:\xampp\htdocs\basic\vendor\yiisoft\yii2\base\Application.php(386): yii\web\Application->handleRequest(Object(yii\web\Request))
#2 E:\xampp\htdocs\basic\web\index.php(12): yii\base\Application->run()
#3 {main}

Next yii\web\NotFoundHttpException: Page not found. in E:\xampp\htdocs\basic\vendor\yiisoft\yii2\web\Application.php:115
Stack trace:
#0 E:\xampp\htdocs\basic\vendor\yiisoft\yii2\base\Application.php(386): yii\web\Application->handleRequest(Object(yii\web\Request))
#1 E:\xampp\htdocs\basic\web\index.php(12): yii\base\Application->run()
#2 {main}
2019-05-03 05:36:16 [::1][-][f553ulh1mq2aeh87eus7uu1i5l][info][application] $_GET = [
    'r' => 'site%2hello'
]

$_POST = []

$_FILES = []

$_COOKIE = [
    'PHPSESSID' => 'f553ulh1mq2aeh87eus7uu1i5l'
    '_csrf' => 'aa41ed9dbc18905e090d3b6f3d4ea0e2fcc864f134b88b1bf19428fb16d50da1a:2:{i:0;s:5:\"_csrf\";i:1;s:32:\"q-UnCbMmLOpRMTPLB6iD3wJST_jZy3Vo\";}'
]

$_SESSION = [
    '__flash' => []
]

$_SERVER = [
    'MIBDIRS' => 'E:/xampp/php/extras/mibs'
    'MYSQL_HOME' => '\\xampp\\mysql\\bin'
    'OPENSSL_CONF' => 'E:/xampp/apache/bin/openssl.cnf'
    'PHP_PEAR_SYSCONF_DIR' => '\\xampp\\php'
    'PHPRC' => '\\xampp\\php'
    'TMP' => '\\xampp\\tmp'
    'HTTP_HOST' => 'localhost:8080'
    'HTTP_CONNECTION' => 'keep-alive'
    'HTTP_UPGRADE_INSECURE_REQUESTS' => '1'
    'HTTP_USER_AGENT' => 'Mozilla/5.0 (Windows NT 10.0; Win64; x64) AppleWebKit/537.36 (KHTML, like Gecko) Chrome/73.0.3683.103 Safari/537.36'
    'HTTP_ACCEPT' => 'text/html,application/xhtml+xml,application/xml;q=0.9,image/webp,image/apng,*/*;q=0.8,application/signed-exchange;v=b3'
    'HTTP_ACCEPT_ENCODING' => 'gzip, deflate, br'
    'HTTP_ACCEPT_LANGUAGE' => 'zh-CN,zh;q=0.9'
    'HTTP_COOKIE' => 'PHPSESSID=f553ulh1mq2aeh87eus7uu1i5l; _csrf=aa41ed9dbc18905e090d3b6f3d4ea0e2fcc864f134b88b1bf19428fb16d50da1a%3A2%3A%7Bi%3A0%3Bs%3A5%3A%22_csrf%22%3Bi%3A1%3Bs%3A32%3A%22q-UnCbMmLOpRMTPLB6iD3wJST_jZy3Vo%22%3B%7D'
    'PATH' => 'C:\\Program Files\\VanDyke Software\\Clients\\;E:\\Python27\\;E:\\Python27\\Scripts;C:\\Program Files (x86)\\Common Files\\Oracle\\Java\\javapath;C:\\Program Files (x86)\\Intel\\iCLS Client\\;C:\\Program Files\\Intel\\iCLS Client\\;C:\\Windows\\system32;C:\\Windows;C:\\Windows\\System32\\Wbem;C:\\Windows\\System32\\WindowsPowerShell\\v1.0\\;C:\\Program Files (x86)\\NVIDIA Corporation\\PhysX\\Common;C:\\Program Files (x86)\\Intel\\Intel(R) Management Engine Components\\DAL;C:\\Program Files\\Intel\\Intel(R) Management Engine Components\\DAL;C:\\Program Files (x86)\\Intel\\Intel(R) Management Engine Components\\IPT;C:\\Program Files\\Intel\\Intel(R) Management Engine Components\\IPT;C:\\WINDOWS\\system32;C:\\WINDOWS;C:\\WINDOWS\\System32\\Wbem;C:\\WINDOWS\\System32\\WindowsPowerShell\\v1.0\\;C:\\Program Files\\dotnet\\;C:\\WINDOWS\\System32\\OpenSSH\\;C:\\Program Files\\Java\\jdk1.8.0_172\\bin;E:\\android_sdk\\platform-tools;E:\\android_sdk\\tools;E:\\Program Files (x86)\\opencv\\build\\x64\\vc15\\bin;C:\\Program Files\\Microsoft SQL Server\\130\\Tools\\Binn\\;E:\\MinGW\\include;E:\\MinGW\\lib;E:\\Python;C:\\Users\\Peng\\AppData\\Local\\Microsoft\\WindowsApps;C:\\Program Files\\Java\\jdk1.8.0_172\\bin;'
    'SystemRoot' => 'C:\\WINDOWS'
    'COMSPEC' => 'C:\\WINDOWS\\system32\\cmd.exe'
    'PATHEXT' => '.COM;.EXE;.BAT;.CMD;.VBS;.VBE;.JS;.JSE;.WSF;.WSH;.MSC'
    'WINDIR' => 'C:\\WINDOWS'
    'SERVER_SIGNATURE' => '<address>Apache/2.4.39 (Win64) OpenSSL/1.1.1b PHP/7.3.4 Server at localhost Port 8080</address>
'
    'SERVER_SOFTWARE' => 'Apache/2.4.39 (Win64) OpenSSL/1.1.1b PHP/7.3.4'
    'SERVER_NAME' => 'localhost'
    'SERVER_ADDR' => '::1'
    'SERVER_PORT' => '8080'
    'REMOTE_ADDR' => '::1'
    'DOCUMENT_ROOT' => 'E:/xampp/htdocs'
    'REQUEST_SCHEME' => 'http'
    'CONTEXT_PREFIX' => ''
    'CONTEXT_DOCUMENT_ROOT' => 'E:/xampp/htdocs'
    'SERVER_ADMIN' => 'postmaster@localhost'
    'SCRIPT_FILENAME' => 'E:/xampp/htdocs/basic/web/index.php'
    'REMOTE_PORT' => '54511'
    'GATEWAY_INTERFACE' => 'CGI/1.1'
    'SERVER_PROTOCOL' => 'HTTP/1.1'
    'REQUEST_METHOD' => 'GET'
    'QUERY_STRING' => 'r=site%2hello'
    'REQUEST_URI' => '/basic/web/index.php?r=site%2hello'
    'SCRIPT_NAME' => '/basic/web/index.php'
    'PHP_SELF' => '/basic/web/index.php'
    'REQUEST_TIME_FLOAT' => 1556854576.027
    'REQUEST_TIME' => 1556854576
]
2019-05-03 10:41:49 [::1][-][f553ulh1mq2aeh87eus7uu1i5l][error][yii\web\HttpException:404] yii\base\InvalidRouteException: Unable to resolve the request: site/sale in E:\xampp\htdocs\basic\vendor\yiisoft\yii2\base\Controller.php:128
Stack trace:
#0 E:\xampp\htdocs\basic\vendor\yiisoft\yii2\base\Module.php(528): yii\base\Controller->runAction('sale', Array)
#1 E:\xampp\htdocs\basic\vendor\yiisoft\yii2\web\Application.php(103): yii\base\Module->runAction('site/sale', Array)
#2 E:\xampp\htdocs\basic\vendor\yiisoft\yii2\base\Application.php(386): yii\web\Application->handleRequest(Object(yii\web\Request))
#3 E:\xampp\htdocs\basic\web\index.php(12): yii\base\Application->run()
#4 {main}

Next yii\web\NotFoundHttpException: Page not found. in E:\xampp\htdocs\basic\vendor\yiisoft\yii2\web\Application.php:115
Stack trace:
#0 E:\xampp\htdocs\basic\vendor\yiisoft\yii2\base\Application.php(386): yii\web\Application->handleRequest(Object(yii\web\Request))
#1 E:\xampp\htdocs\basic\web\index.php(12): yii\base\Application->run()
#2 {main}
2019-05-03 10:41:49 [::1][-][f553ulh1mq2aeh87eus7uu1i5l][info][application] $_GET = [
    'r' => 'site/sale'
]

$_POST = []

$_FILES = []

$_COOKIE = [
    'PHPSESSID' => 'f553ulh1mq2aeh87eus7uu1i5l'
    '_csrf' => 'aa41ed9dbc18905e090d3b6f3d4ea0e2fcc864f134b88b1bf19428fb16d50da1a:2:{i:0;s:5:\"_csrf\";i:1;s:32:\"q-UnCbMmLOpRMTPLB6iD3wJST_jZy3Vo\";}'
    'Phpstorm-669499eb' => 'd4c24652-d7f0-4aa9-96f5-594c93671c41'
]

$_SESSION = [
    '__flash' => []
    '__captcha/site/captcha' => 'qtaarun'
    '__captcha/site/captchacount' => 1
]

$_SERVER = [
    'MIBDIRS' => 'E:/xampp/php/extras/mibs'
    'MYSQL_HOME' => '\\xampp\\mysql\\bin'
    'OPENSSL_CONF' => 'E:/xampp/apache/bin/openssl.cnf'
    'PHP_PEAR_SYSCONF_DIR' => '\\xampp\\php'
    'PHPRC' => '\\xampp\\php'
    'TMP' => '\\xampp\\tmp'
    'HTTP_HOST' => 'localhost:8080'
    'HTTP_CONNECTION' => 'keep-alive'
    'HTTP_UPGRADE_INSECURE_REQUESTS' => '1'
    'HTTP_USER_AGENT' => 'Mozilla/5.0 (Windows NT 10.0; Win64; x64) AppleWebKit/537.36 (KHTML, like Gecko) Chrome/73.0.3683.103 Safari/537.36'
    'HTTP_ACCEPT' => 'text/html,application/xhtml+xml,application/xml;q=0.9,image/webp,image/apng,*/*;q=0.8,application/signed-exchange;v=b3'
    'HTTP_REFERER' => 'http://localhost:8080/basic/web/index.php?r=site%2Findex'
    'HTTP_ACCEPT_ENCODING' => 'gzip, deflate, br'
    'HTTP_ACCEPT_LANGUAGE' => 'zh-CN,zh;q=0.9'
    'HTTP_COOKIE' => 'PHPSESSID=f553ulh1mq2aeh87eus7uu1i5l; _csrf=aa41ed9dbc18905e090d3b6f3d4ea0e2fcc864f134b88b1bf19428fb16d50da1a%3A2%3A%7Bi%3A0%3Bs%3A5%3A%22_csrf%22%3Bi%3A1%3Bs%3A32%3A%22q-UnCbMmLOpRMTPLB6iD3wJST_jZy3Vo%22%3B%7D; Phpstorm-669499eb=d4c24652-d7f0-4aa9-96f5-594c93671c41'
    'PATH' => 'C:\\Program Files\\VanDyke Software\\Clients\\;E:\\Python27\\;E:\\Python27\\Scripts;C:\\Program Files (x86)\\Common Files\\Oracle\\Java\\javapath;C:\\Program Files (x86)\\Intel\\iCLS Client\\;C:\\Program Files\\Intel\\iCLS Client\\;C:\\Windows\\system32;C:\\Windows;C:\\Windows\\System32\\Wbem;C:\\Windows\\System32\\WindowsPowerShell\\v1.0\\;C:\\Program Files (x86)\\NVIDIA Corporation\\PhysX\\Common;C:\\Program Files (x86)\\Intel\\Intel(R) Management Engine Components\\DAL;C:\\Program Files\\Intel\\Intel(R) Management Engine Components\\DAL;C:\\Program Files (x86)\\Intel\\Intel(R) Management Engine Components\\IPT;C:\\Program Files\\Intel\\Intel(R) Management Engine Components\\IPT;C:\\WINDOWS\\system32;C:\\WINDOWS;C:\\WINDOWS\\System32\\Wbem;C:\\WINDOWS\\System32\\WindowsPowerShell\\v1.0\\;C:\\Program Files\\dotnet\\;C:\\WINDOWS\\System32\\OpenSSH\\;C:\\Program Files\\Java\\jdk1.8.0_172\\bin;E:\\android_sdk\\platform-tools;E:\\android_sdk\\tools;E:\\Program Files (x86)\\opencv\\build\\x64\\vc15\\bin;C:\\Program Files\\Microsoft SQL Server\\130\\Tools\\Binn\\;E:\\MinGW\\include;E:\\MinGW\\lib;E:\\Python;C:\\Users\\Peng\\AppData\\Local\\Microsoft\\WindowsApps;C:\\Program Files\\Java\\jdk1.8.0_172\\bin;'
    'SystemRoot' => 'C:\\WINDOWS'
    'COMSPEC' => 'C:\\WINDOWS\\system32\\cmd.exe'
    'PATHEXT' => '.COM;.EXE;.BAT;.CMD;.VBS;.VBE;.JS;.JSE;.WSF;.WSH;.MSC'
    'WINDIR' => 'C:\\WINDOWS'
    'SERVER_SIGNATURE' => '<address>Apache/2.4.39 (Win64) OpenSSL/1.1.1b PHP/7.3.4 Server at localhost Port 8080</address>
'
    'SERVER_SOFTWARE' => 'Apache/2.4.39 (Win64) OpenSSL/1.1.1b PHP/7.3.4'
    'SERVER_NAME' => 'localhost'
    'SERVER_ADDR' => '::1'
    'SERVER_PORT' => '8080'
    'REMOTE_ADDR' => '::1'
    'DOCUMENT_ROOT' => 'E:/xampp/htdocs'
    'REQUEST_SCHEME' => 'http'
    'CONTEXT_PREFIX' => ''
    'CONTEXT_DOCUMENT_ROOT' => 'E:/xampp/htdocs'
    'SERVER_ADMIN' => 'postmaster@localhost'
    'SCRIPT_FILENAME' => 'E:/xampp/htdocs/basic/web/index.php'
    'REMOTE_PORT' => '55711'
    'GATEWAY_INTERFACE' => 'CGI/1.1'
    'SERVER_PROTOCOL' => 'HTTP/1.1'
    'REQUEST_METHOD' => 'GET'
    'QUERY_STRING' => 'r=site%2Fsale'
    'REQUEST_URI' => '/basic/web/index.php?r=site%2Fsale'
    'SCRIPT_NAME' => '/basic/web/index.php'
    'PHP_SELF' => '/basic/web/index.php'
    'REQUEST_TIME_FLOAT' => 1556872909.411
    'REQUEST_TIME' => 1556872909
]
2019-05-03 10:41:51 [::1][-][f553ulh1mq2aeh87eus7uu1i5l][error][yii\web\HttpException:404] yii\base\InvalidRouteException: Unable to resolve the request: site/sale in E:\xampp\htdocs\basic\vendor\yiisoft\yii2\base\Controller.php:128
Stack trace:
#0 E:\xampp\htdocs\basic\vendor\yiisoft\yii2\base\Module.php(528): yii\base\Controller->runAction('sale', Array)
#1 E:\xampp\htdocs\basic\vendor\yiisoft\yii2\web\Application.php(103): yii\base\Module->runAction('site/sale', Array)
#2 E:\xampp\htdocs\basic\vendor\yiisoft\yii2\base\Application.php(386): yii\web\Application->handleRequest(Object(yii\web\Request))
#3 E:\xampp\htdocs\basic\web\index.php(12): yii\base\Application->run()
#4 {main}

Next yii\web\NotFoundHttpException: Page not found. in E:\xampp\htdocs\basic\vendor\yiisoft\yii2\web\Application.php:115
Stack trace:
#0 E:\xampp\htdocs\basic\vendor\yiisoft\yii2\base\Application.php(386): yii\web\Application->handleRequest(Object(yii\web\Request))
#1 E:\xampp\htdocs\basic\web\index.php(12): yii\base\Application->run()
#2 {main}
2019-05-03 10:41:51 [::1][-][f553ulh1mq2aeh87eus7uu1i5l][info][application] $_GET = [
    'r' => 'site/sale'
]

$_POST = []

$_FILES = []

$_COOKIE = [
    'PHPSESSID' => 'f553ulh1mq2aeh87eus7uu1i5l'
    '_csrf' => 'aa41ed9dbc18905e090d3b6f3d4ea0e2fcc864f134b88b1bf19428fb16d50da1a:2:{i:0;s:5:\"_csrf\";i:1;s:32:\"q-UnCbMmLOpRMTPLB6iD3wJST_jZy3Vo\";}'
    'Phpstorm-669499eb' => 'd4c24652-d7f0-4aa9-96f5-594c93671c41'
]

$_SESSION = [
    '__flash' => []
    '__captcha/site/captcha' => 'qtaarun'
    '__captcha/site/captchacount' => 1
]

$_SERVER = [
    'MIBDIRS' => 'E:/xampp/php/extras/mibs'
    'MYSQL_HOME' => '\\xampp\\mysql\\bin'
    'OPENSSL_CONF' => 'E:/xampp/apache/bin/openssl.cnf'
    'PHP_PEAR_SYSCONF_DIR' => '\\xampp\\php'
    'PHPRC' => '\\xampp\\php'
    'TMP' => '\\xampp\\tmp'
    'HTTP_HOST' => 'localhost:8080'
    'HTTP_CONNECTION' => 'keep-alive'
    'HTTP_UPGRADE_INSECURE_REQUESTS' => '1'
    'HTTP_USER_AGENT' => 'Mozilla/5.0 (Windows NT 10.0; Win64; x64) AppleWebKit/537.36 (KHTML, like Gecko) Chrome/73.0.3683.103 Safari/537.36'
    'HTTP_ACCEPT' => 'text/html,application/xhtml+xml,application/xml;q=0.9,image/webp,image/apng,*/*;q=0.8,application/signed-exchange;v=b3'
    'HTTP_REFERER' => 'http://localhost:8080/basic/web/index.php?r=site%2Fsale'
    'HTTP_ACCEPT_ENCODING' => 'gzip, deflate, br'
    'HTTP_ACCEPT_LANGUAGE' => 'zh-CN,zh;q=0.9'
    'HTTP_COOKIE' => 'PHPSESSID=f553ulh1mq2aeh87eus7uu1i5l; _csrf=aa41ed9dbc18905e090d3b6f3d4ea0e2fcc864f134b88b1bf19428fb16d50da1a%3A2%3A%7Bi%3A0%3Bs%3A5%3A%22_csrf%22%3Bi%3A1%3Bs%3A32%3A%22q-UnCbMmLOpRMTPLB6iD3wJST_jZy3Vo%22%3B%7D; Phpstorm-669499eb=d4c24652-d7f0-4aa9-96f5-594c93671c41'
    'PATH' => 'C:\\Program Files\\VanDyke Software\\Clients\\;E:\\Python27\\;E:\\Python27\\Scripts;C:\\Program Files (x86)\\Common Files\\Oracle\\Java\\javapath;C:\\Program Files (x86)\\Intel\\iCLS Client\\;C:\\Program Files\\Intel\\iCLS Client\\;C:\\Windows\\system32;C:\\Windows;C:\\Windows\\System32\\Wbem;C:\\Windows\\System32\\WindowsPowerShell\\v1.0\\;C:\\Program Files (x86)\\NVIDIA Corporation\\PhysX\\Common;C:\\Program Files (x86)\\Intel\\Intel(R) Management Engine Components\\DAL;C:\\Program Files\\Intel\\Intel(R) Management Engine Components\\DAL;C:\\Program Files (x86)\\Intel\\Intel(R) Management Engine Components\\IPT;C:\\Program Files\\Intel\\Intel(R) Management Engine Components\\IPT;C:\\WINDOWS\\system32;C:\\WINDOWS;C:\\WINDOWS\\System32\\Wbem;C:\\WINDOWS\\System32\\WindowsPowerShell\\v1.0\\;C:\\Program Files\\dotnet\\;C:\\WINDOWS\\System32\\OpenSSH\\;C:\\Program Files\\Java\\jdk1.8.0_172\\bin;E:\\android_sdk\\platform-tools;E:\\android_sdk\\tools;E:\\Program Files (x86)\\opencv\\build\\x64\\vc15\\bin;C:\\Program Files\\Microsoft SQL Server\\130\\Tools\\Binn\\;E:\\MinGW\\include;E:\\MinGW\\lib;E:\\Python;C:\\Users\\Peng\\AppData\\Local\\Microsoft\\WindowsApps;C:\\Program Files\\Java\\jdk1.8.0_172\\bin;'
    'SystemRoot' => 'C:\\WINDOWS'
    'COMSPEC' => 'C:\\WINDOWS\\system32\\cmd.exe'
    'PATHEXT' => '.COM;.EXE;.BAT;.CMD;.VBS;.VBE;.JS;.JSE;.WSF;.WSH;.MSC'
    'WINDIR' => 'C:\\WINDOWS'
    'SERVER_SIGNATURE' => '<address>Apache/2.4.39 (Win64) OpenSSL/1.1.1b PHP/7.3.4 Server at localhost Port 8080</address>
'
    'SERVER_SOFTWARE' => 'Apache/2.4.39 (Win64) OpenSSL/1.1.1b PHP/7.3.4'
    'SERVER_NAME' => 'localhost'
    'SERVER_ADDR' => '::1'
    'SERVER_PORT' => '8080'
    'REMOTE_ADDR' => '::1'
    'DOCUMENT_ROOT' => 'E:/xampp/htdocs'
    'REQUEST_SCHEME' => 'http'
    'CONTEXT_PREFIX' => ''
    'CONTEXT_DOCUMENT_ROOT' => 'E:/xampp/htdocs'
    'SERVER_ADMIN' => 'postmaster@localhost'
    'SCRIPT_FILENAME' => 'E:/xampp/htdocs/basic/web/index.php'
    'REMOTE_PORT' => '55711'
    'GATEWAY_INTERFACE' => 'CGI/1.1'
    'SERVER_PROTOCOL' => 'HTTP/1.1'
    'REQUEST_METHOD' => 'GET'
    'QUERY_STRING' => 'r=site%2Fsale'
    'REQUEST_URI' => '/basic/web/index.php?r=site%2Fsale'
    'SCRIPT_NAME' => '/basic/web/index.php'
    'PHP_SELF' => '/basic/web/index.php'
    'REQUEST_TIME_FLOAT' => 1556872911.121
    'REQUEST_TIME' => 1556872911
]
2019-05-03 10:41:51 [::1][-][f553ulh1mq2aeh87eus7uu1i5l][error][yii\web\HttpException:404] yii\base\InvalidRouteException: Unable to resolve the request: site/sale in E:\xampp\htdocs\basic\vendor\yiisoft\yii2\base\Controller.php:128
Stack trace:
#0 E:\xampp\htdocs\basic\vendor\yiisoft\yii2\base\Module.php(528): yii\base\Controller->runAction('sale', Array)
#1 E:\xampp\htdocs\basic\vendor\yiisoft\yii2\web\Application.php(103): yii\base\Module->runAction('site/sale', Array)
#2 E:\xampp\htdocs\basic\vendor\yiisoft\yii2\base\Application.php(386): yii\web\Application->handleRequest(Object(yii\web\Request))
#3 E:\xampp\htdocs\basic\web\index.php(12): yii\base\Application->run()
#4 {main}

Next yii\web\NotFoundHttpException: Page not found. in E:\xampp\htdocs\basic\vendor\yiisoft\yii2\web\Application.php:115
Stack trace:
#0 E:\xampp\htdocs\basic\vendor\yiisoft\yii2\base\Application.php(386): yii\web\Application->handleRequest(Object(yii\web\Request))
#1 E:\xampp\htdocs\basic\web\index.php(12): yii\base\Application->run()
#2 {main}
2019-05-03 10:41:51 [::1][-][f553ulh1mq2aeh87eus7uu1i5l][info][application] $_GET = [
    'r' => 'site/sale'
]

$_POST = []

$_FILES = []

$_COOKIE = [
    'PHPSESSID' => 'f553ulh1mq2aeh87eus7uu1i5l'
    '_csrf' => 'aa41ed9dbc18905e090d3b6f3d4ea0e2fcc864f134b88b1bf19428fb16d50da1a:2:{i:0;s:5:\"_csrf\";i:1;s:32:\"q-UnCbMmLOpRMTPLB6iD3wJST_jZy3Vo\";}'
    'Phpstorm-669499eb' => 'd4c24652-d7f0-4aa9-96f5-594c93671c41'
]

$_SESSION = [
    '__flash' => []
    '__captcha/site/captcha' => 'qtaarun'
    '__captcha/site/captchacount' => 1
]

$_SERVER = [
    'MIBDIRS' => 'E:/xampp/php/extras/mibs'
    'MYSQL_HOME' => '\\xampp\\mysql\\bin'
    'OPENSSL_CONF' => 'E:/xampp/apache/bin/openssl.cnf'
    'PHP_PEAR_SYSCONF_DIR' => '\\xampp\\php'
    'PHPRC' => '\\xampp\\php'
    'TMP' => '\\xampp\\tmp'
    'HTTP_HOST' => 'localhost:8080'
    'HTTP_CONNECTION' => 'keep-alive'
    'HTTP_UPGRADE_INSECURE_REQUESTS' => '1'
    'HTTP_USER_AGENT' => 'Mozilla/5.0 (Windows NT 10.0; Win64; x64) AppleWebKit/537.36 (KHTML, like Gecko) Chrome/73.0.3683.103 Safari/537.36'
    'HTTP_ACCEPT' => 'text/html,application/xhtml+xml,application/xml;q=0.9,image/webp,image/apng,*/*;q=0.8,application/signed-exchange;v=b3'
    'HTTP_REFERER' => 'http://localhost:8080/basic/web/index.php?r=site%2Fsale'
    'HTTP_ACCEPT_ENCODING' => 'gzip, deflate, br'
    'HTTP_ACCEPT_LANGUAGE' => 'zh-CN,zh;q=0.9'
    'HTTP_COOKIE' => 'PHPSESSID=f553ulh1mq2aeh87eus7uu1i5l; _csrf=aa41ed9dbc18905e090d3b6f3d4ea0e2fcc864f134b88b1bf19428fb16d50da1a%3A2%3A%7Bi%3A0%3Bs%3A5%3A%22_csrf%22%3Bi%3A1%3Bs%3A32%3A%22q-UnCbMmLOpRMTPLB6iD3wJST_jZy3Vo%22%3B%7D; Phpstorm-669499eb=d4c24652-d7f0-4aa9-96f5-594c93671c41'
    'PATH' => 'C:\\Program Files\\VanDyke Software\\Clients\\;E:\\Python27\\;E:\\Python27\\Scripts;C:\\Program Files (x86)\\Common Files\\Oracle\\Java\\javapath;C:\\Program Files (x86)\\Intel\\iCLS Client\\;C:\\Program Files\\Intel\\iCLS Client\\;C:\\Windows\\system32;C:\\Windows;C:\\Windows\\System32\\Wbem;C:\\Windows\\System32\\WindowsPowerShell\\v1.0\\;C:\\Program Files (x86)\\NVIDIA Corporation\\PhysX\\Common;C:\\Program Files (x86)\\Intel\\Intel(R) Management Engine Components\\DAL;C:\\Program Files\\Intel\\Intel(R) Management Engine Components\\DAL;C:\\Program Files (x86)\\Intel\\Intel(R) Management Engine Components\\IPT;C:\\Program Files\\Intel\\Intel(R) Management Engine Components\\IPT;C:\\WINDOWS\\system32;C:\\WINDOWS;C:\\WINDOWS\\System32\\Wbem;C:\\WINDOWS\\System32\\WindowsPowerShell\\v1.0\\;C:\\Program Files\\dotnet\\;C:\\WINDOWS\\System32\\OpenSSH\\;C:\\Program Files\\Java\\jdk1.8.0_172\\bin;E:\\android_sdk\\platform-tools;E:\\android_sdk\\tools;E:\\Program Files (x86)\\opencv\\build\\x64\\vc15\\bin;C:\\Program Files\\Microsoft SQL Server\\130\\Tools\\Binn\\;E:\\MinGW\\include;E:\\MinGW\\lib;E:\\Python;C:\\Users\\Peng\\AppData\\Local\\Microsoft\\WindowsApps;C:\\Program Files\\Java\\jdk1.8.0_172\\bin;'
    'SystemRoot' => 'C:\\WINDOWS'
    'COMSPEC' => 'C:\\WINDOWS\\system32\\cmd.exe'
    'PATHEXT' => '.COM;.EXE;.BAT;.CMD;.VBS;.VBE;.JS;.JSE;.WSF;.WSH;.MSC'
    'WINDIR' => 'C:\\WINDOWS'
    'SERVER_SIGNATURE' => '<address>Apache/2.4.39 (Win64) OpenSSL/1.1.1b PHP/7.3.4 Server at localhost Port 8080</address>
'
    'SERVER_SOFTWARE' => 'Apache/2.4.39 (Win64) OpenSSL/1.1.1b PHP/7.3.4'
    'SERVER_NAME' => 'localhost'
    'SERVER_ADDR' => '::1'
    'SERVER_PORT' => '8080'
    'REMOTE_ADDR' => '::1'
    'DOCUMENT_ROOT' => 'E:/xampp/htdocs'
    'REQUEST_SCHEME' => 'http'
    'CONTEXT_PREFIX' => ''
    'CONTEXT_DOCUMENT_ROOT' => 'E:/xampp/htdocs'
    'SERVER_ADMIN' => 'postmaster@localhost'
    'SCRIPT_FILENAME' => 'E:/xampp/htdocs/basic/web/index.php'
    'REMOTE_PORT' => '55711'
    'GATEWAY_INTERFACE' => 'CGI/1.1'
    'SERVER_PROTOCOL' => 'HTTP/1.1'
    'REQUEST_METHOD' => 'GET'
    'QUERY_STRING' => 'r=site%2Fsale'
    'REQUEST_URI' => '/basic/web/index.php?r=site%2Fsale'
    'SCRIPT_NAME' => '/basic/web/index.php'
    'PHP_SELF' => '/basic/web/index.php'
    'REQUEST_TIME_FLOAT' => 1556872911.641
    'REQUEST_TIME' => 1556872911
]
2019-05-03 10:41:55 [::1][-][f553ulh1mq2aeh87eus7uu1i5l][error][yii\web\HttpException:404] yii\base\InvalidRouteException: Unable to resolve the request: site/sale in E:\xampp\htdocs\basic\vendor\yiisoft\yii2\base\Controller.php:128
Stack trace:
#0 E:\xampp\htdocs\basic\vendor\yiisoft\yii2\base\Module.php(528): yii\base\Controller->runAction('sale', Array)
#1 E:\xampp\htdocs\basic\vendor\yiisoft\yii2\web\Application.php(103): yii\base\Module->runAction('site/sale', Array)
#2 E:\xampp\htdocs\basic\vendor\yiisoft\yii2\base\Application.php(386): yii\web\Application->handleRequest(Object(yii\web\Request))
#3 E:\xampp\htdocs\basic\web\index.php(12): yii\base\Application->run()
#4 {main}

Next yii\web\NotFoundHttpException: Page not found. in E:\xampp\htdocs\basic\vendor\yiisoft\yii2\web\Application.php:115
Stack trace:
#0 E:\xampp\htdocs\basic\vendor\yiisoft\yii2\base\Application.php(386): yii\web\Application->handleRequest(Object(yii\web\Request))
#1 E:\xampp\htdocs\basic\web\index.php(12): yii\base\Application->run()
#2 {main}
2019-05-03 10:41:55 [::1][-][f553ulh1mq2aeh87eus7uu1i5l][info][application] $_GET = [
    'r' => 'site/sale'
]

$_POST = []

$_FILES = []

$_COOKIE = [
    'PHPSESSID' => 'f553ulh1mq2aeh87eus7uu1i5l'
    '_csrf' => 'aa41ed9dbc18905e090d3b6f3d4ea0e2fcc864f134b88b1bf19428fb16d50da1a:2:{i:0;s:5:\"_csrf\";i:1;s:32:\"q-UnCbMmLOpRMTPLB6iD3wJST_jZy3Vo\";}'
    'Phpstorm-669499eb' => 'd4c24652-d7f0-4aa9-96f5-594c93671c41'
]

$_SESSION = [
    '__flash' => []
    '__captcha/site/captcha' => 'qtaarun'
    '__captcha/site/captchacount' => 1
]

$_SERVER = [
    'MIBDIRS' => 'E:/xampp/php/extras/mibs'
    'MYSQL_HOME' => '\\xampp\\mysql\\bin'
    'OPENSSL_CONF' => 'E:/xampp/apache/bin/openssl.cnf'
    'PHP_PEAR_SYSCONF_DIR' => '\\xampp\\php'
    'PHPRC' => '\\xampp\\php'
    'TMP' => '\\xampp\\tmp'
    'HTTP_HOST' => 'localhost:8080'
    'HTTP_CONNECTION' => 'keep-alive'
    'HTTP_UPGRADE_INSECURE_REQUESTS' => '1'
    'HTTP_USER_AGENT' => 'Mozilla/5.0 (Windows NT 10.0; Win64; x64) AppleWebKit/537.36 (KHTML, like Gecko) Chrome/73.0.3683.103 Safari/537.36'
    'HTTP_ACCEPT' => 'text/html,application/xhtml+xml,application/xml;q=0.9,image/webp,image/apng,*/*;q=0.8,application/signed-exchange;v=b3'
    'HTTP_REFERER' => 'http://localhost:8080/basic/web/index.php?r=site%2Fsale'
    'HTTP_ACCEPT_ENCODING' => 'gzip, deflate, br'
    'HTTP_ACCEPT_LANGUAGE' => 'zh-CN,zh;q=0.9'
    'HTTP_COOKIE' => 'PHPSESSID=f553ulh1mq2aeh87eus7uu1i5l; _csrf=aa41ed9dbc18905e090d3b6f3d4ea0e2fcc864f134b88b1bf19428fb16d50da1a%3A2%3A%7Bi%3A0%3Bs%3A5%3A%22_csrf%22%3Bi%3A1%3Bs%3A32%3A%22q-UnCbMmLOpRMTPLB6iD3wJST_jZy3Vo%22%3B%7D; Phpstorm-669499eb=d4c24652-d7f0-4aa9-96f5-594c93671c41'
    'PATH' => 'C:\\Program Files\\VanDyke Software\\Clients\\;E:\\Python27\\;E:\\Python27\\Scripts;C:\\Program Files (x86)\\Common Files\\Oracle\\Java\\javapath;C:\\Program Files (x86)\\Intel\\iCLS Client\\;C:\\Program Files\\Intel\\iCLS Client\\;C:\\Windows\\system32;C:\\Windows;C:\\Windows\\System32\\Wbem;C:\\Windows\\System32\\WindowsPowerShell\\v1.0\\;C:\\Program Files (x86)\\NVIDIA Corporation\\PhysX\\Common;C:\\Program Files (x86)\\Intel\\Intel(R) Management Engine Components\\DAL;C:\\Program Files\\Intel\\Intel(R) Management Engine Components\\DAL;C:\\Program Files (x86)\\Intel\\Intel(R) Management Engine Components\\IPT;C:\\Program Files\\Intel\\Intel(R) Management Engine Components\\IPT;C:\\WINDOWS\\system32;C:\\WINDOWS;C:\\WINDOWS\\System32\\Wbem;C:\\WINDOWS\\System32\\WindowsPowerShell\\v1.0\\;C:\\Program Files\\dotnet\\;C:\\WINDOWS\\System32\\OpenSSH\\;C:\\Program Files\\Java\\jdk1.8.0_172\\bin;E:\\android_sdk\\platform-tools;E:\\android_sdk\\tools;E:\\Program Files (x86)\\opencv\\build\\x64\\vc15\\bin;C:\\Program Files\\Microsoft SQL Server\\130\\Tools\\Binn\\;E:\\MinGW\\include;E:\\MinGW\\lib;E:\\Python;C:\\Users\\Peng\\AppData\\Local\\Microsoft\\WindowsApps;C:\\Program Files\\Java\\jdk1.8.0_172\\bin;'
    'SystemRoot' => 'C:\\WINDOWS'
    'COMSPEC' => 'C:\\WINDOWS\\system32\\cmd.exe'
    'PATHEXT' => '.COM;.EXE;.BAT;.CMD;.VBS;.VBE;.JS;.JSE;.WSF;.WSH;.MSC'
    'WINDIR' => 'C:\\WINDOWS'
    'SERVER_SIGNATURE' => '<address>Apache/2.4.39 (Win64) OpenSSL/1.1.1b PHP/7.3.4 Server at localhost Port 8080</address>
'
    'SERVER_SOFTWARE' => 'Apache/2.4.39 (Win64) OpenSSL/1.1.1b PHP/7.3.4'
    'SERVER_NAME' => 'localhost'
    'SERVER_ADDR' => '::1'
    'SERVER_PORT' => '8080'
    'REMOTE_ADDR' => '::1'
    'DOCUMENT_ROOT' => 'E:/xampp/htdocs'
    'REQUEST_SCHEME' => 'http'
    'CONTEXT_PREFIX' => ''
    'CONTEXT_DOCUMENT_ROOT' => 'E:/xampp/htdocs'
    'SERVER_ADMIN' => 'postmaster@localhost'
    'SCRIPT_FILENAME' => 'E:/xampp/htdocs/basic/web/index.php'
    'REMOTE_PORT' => '55711'
    'GATEWAY_INTERFACE' => 'CGI/1.1'
    'SERVER_PROTOCOL' => 'HTTP/1.1'
    'REQUEST_METHOD' => 'GET'
    'QUERY_STRING' => 'r=site%2Fsale'
    'REQUEST_URI' => '/basic/web/index.php?r=site%2Fsale'
    'SCRIPT_NAME' => '/basic/web/index.php'
    'PHP_SELF' => '/basic/web/index.php'
    'REQUEST_TIME_FLOAT' => 1556872915.544
    'REQUEST_TIME' => 1556872915
]
2019-05-03 11:03:10 [::1][-][f553ulh1mq2aeh87eus7uu1i5l][error][yii\base\ViewNotFoundException] yii\base\ViewNotFoundException: The view file does not exist: E:\xampp\htdocs\basic\views\sale\index.php in E:\xampp\htdocs\basic\vendor\yiisoft\yii2\base\View.php:233
Stack trace:
#0 E:\xampp\htdocs\basic\vendor\yiisoft\yii2\base\View.php(156): yii\base\View->renderFile('E:\\xampp\\htdocs...', Array, Object(app\controllers\SaleController))
#1 E:\xampp\htdocs\basic\vendor\yiisoft\yii2\base\Controller.php(384): yii\base\View->render('index', Array, Object(app\controllers\SaleController))
#2 E:\xampp\htdocs\basic\controllers\SaleController.php(43): yii\base\Controller->render('index', Array)
#3 [internal function]: app\controllers\SaleController->actionIndex()
#4 E:\xampp\htdocs\basic\vendor\yiisoft\yii2\base\InlineAction.php(57): call_user_func_array(Array, Array)
#5 E:\xampp\htdocs\basic\vendor\yiisoft\yii2\base\Controller.php(157): yii\base\InlineAction->runWithParams(Array)
#6 E:\xampp\htdocs\basic\vendor\yiisoft\yii2\base\Module.php(528): yii\base\Controller->runAction('', Array)
#7 E:\xampp\htdocs\basic\vendor\yiisoft\yii2\web\Application.php(103): yii\base\Module->runAction('sale', Array)
#8 E:\xampp\htdocs\basic\vendor\yiisoft\yii2\base\Application.php(386): yii\web\Application->handleRequest(Object(yii\web\Request))
#9 E:\xampp\htdocs\basic\web\index.php(12): yii\base\Application->run()
#10 {main}
2019-05-03 11:03:10 [::1][-][f553ulh1mq2aeh87eus7uu1i5l][info][application] $_GET = [
    'r' => 'sale'
]

$_POST = []

$_FILES = []

$_COOKIE = [
    'PHPSESSID' => 'f553ulh1mq2aeh87eus7uu1i5l'
    '_csrf' => 'aa41ed9dbc18905e090d3b6f3d4ea0e2fcc864f134b88b1bf19428fb16d50da1a:2:{i:0;s:5:\"_csrf\";i:1;s:32:\"q-UnCbMmLOpRMTPLB6iD3wJST_jZy3Vo\";}'
    'Phpstorm-669499eb' => 'd4c24652-d7f0-4aa9-96f5-594c93671c41'
]

$_SESSION = [
    '__flash' => []
    '__captcha/site/captcha' => 'qtaarun'
    '__captcha/site/captchacount' => 1
]

$_SERVER = [
    'MIBDIRS' => 'E:/xampp/php/extras/mibs'
    'MYSQL_HOME' => '\\xampp\\mysql\\bin'
    'OPENSSL_CONF' => 'E:/xampp/apache/bin/openssl.cnf'
    'PHP_PEAR_SYSCONF_DIR' => '\\xampp\\php'
    'PHPRC' => '\\xampp\\php'
    'TMP' => '\\xampp\\tmp'
    'HTTP_HOST' => 'localhost:8080'
    'HTTP_CONNECTION' => 'keep-alive'
    'HTTP_CACHE_CONTROL' => 'max-age=0'
    'HTTP_UPGRADE_INSECURE_REQUESTS' => '1'
    'HTTP_USER_AGENT' => 'Mozilla/5.0 (Windows NT 10.0; Win64; x64) AppleWebKit/537.36 (KHTML, like Gecko) Chrome/73.0.3683.103 Safari/537.36'
    'HTTP_ACCEPT' => 'text/html,application/xhtml+xml,application/xml;q=0.9,image/webp,image/apng,*/*;q=0.8,application/signed-exchange;v=b3'
    'HTTP_REFERER' => 'http://localhost:8080/basic/web/index.php?r=site%2Findex'
    'HTTP_ACCEPT_ENCODING' => 'gzip, deflate, br'
    'HTTP_ACCEPT_LANGUAGE' => 'zh-CN,zh;q=0.9'
    'HTTP_COOKIE' => 'PHPSESSID=f553ulh1mq2aeh87eus7uu1i5l; _csrf=aa41ed9dbc18905e090d3b6f3d4ea0e2fcc864f134b88b1bf19428fb16d50da1a%3A2%3A%7Bi%3A0%3Bs%3A5%3A%22_csrf%22%3Bi%3A1%3Bs%3A32%3A%22q-UnCbMmLOpRMTPLB6iD3wJST_jZy3Vo%22%3B%7D; Phpstorm-669499eb=d4c24652-d7f0-4aa9-96f5-594c93671c41'
    'PATH' => 'C:\\Program Files\\VanDyke Software\\Clients\\;E:\\Python27\\;E:\\Python27\\Scripts;C:\\Program Files (x86)\\Common Files\\Oracle\\Java\\javapath;C:\\Program Files (x86)\\Intel\\iCLS Client\\;C:\\Program Files\\Intel\\iCLS Client\\;C:\\Windows\\system32;C:\\Windows;C:\\Windows\\System32\\Wbem;C:\\Windows\\System32\\WindowsPowerShell\\v1.0\\;C:\\Program Files (x86)\\NVIDIA Corporation\\PhysX\\Common;C:\\Program Files (x86)\\Intel\\Intel(R) Management Engine Components\\DAL;C:\\Program Files\\Intel\\Intel(R) Management Engine Components\\DAL;C:\\Program Files (x86)\\Intel\\Intel(R) Management Engine Components\\IPT;C:\\Program Files\\Intel\\Intel(R) Management Engine Components\\IPT;C:\\WINDOWS\\system32;C:\\WINDOWS;C:\\WINDOWS\\System32\\Wbem;C:\\WINDOWS\\System32\\WindowsPowerShell\\v1.0\\;C:\\Program Files\\dotnet\\;C:\\WINDOWS\\System32\\OpenSSH\\;C:\\Program Files\\Java\\jdk1.8.0_172\\bin;E:\\android_sdk\\platform-tools;E:\\android_sdk\\tools;E:\\Program Files (x86)\\opencv\\build\\x64\\vc15\\bin;C:\\Program Files\\Microsoft SQL Server\\130\\Tools\\Binn\\;E:\\MinGW\\include;E:\\MinGW\\lib;E:\\Python;C:\\Users\\Peng\\AppData\\Local\\Microsoft\\WindowsApps;C:\\Program Files\\Java\\jdk1.8.0_172\\bin;'
    'SystemRoot' => 'C:\\WINDOWS'
    'COMSPEC' => 'C:\\WINDOWS\\system32\\cmd.exe'
    'PATHEXT' => '.COM;.EXE;.BAT;.CMD;.VBS;.VBE;.JS;.JSE;.WSF;.WSH;.MSC'
    'WINDIR' => 'C:\\WINDOWS'
    'SERVER_SIGNATURE' => '<address>Apache/2.4.39 (Win64) OpenSSL/1.1.1b PHP/7.3.4 Server at localhost Port 8080</address>
'
    'SERVER_SOFTWARE' => 'Apache/2.4.39 (Win64) OpenSSL/1.1.1b PHP/7.3.4'
    'SERVER_NAME' => 'localhost'
    'SERVER_ADDR' => '::1'
    'SERVER_PORT' => '8080'
    'REMOTE_ADDR' => '::1'
    'DOCUMENT_ROOT' => 'E:/xampp/htdocs'
    'REQUEST_SCHEME' => 'http'
    'CONTEXT_PREFIX' => ''
    'CONTEXT_DOCUMENT_ROOT' => 'E:/xampp/htdocs'
    'SERVER_ADMIN' => 'postmaster@localhost'
    'SCRIPT_FILENAME' => 'E:/xampp/htdocs/basic/web/index.php'
    'REMOTE_PORT' => '49899'
    'GATEWAY_INTERFACE' => 'CGI/1.1'
    'SERVER_PROTOCOL' => 'HTTP/1.1'
    'REQUEST_METHOD' => 'GET'
    'QUERY_STRING' => 'r=sale'
    'REQUEST_URI' => '/basic/web/index.php?r=sale'
    'SCRIPT_NAME' => '/basic/web/index.php'
    'PHP_SELF' => '/basic/web/index.php'
    'REQUEST_TIME_FLOAT' => 1556874190.732
    'REQUEST_TIME' => 1556874190
]
2019-05-03 11:03:12 [::1][-][f553ulh1mq2aeh87eus7uu1i5l][error][yii\base\ViewNotFoundException] yii\base\ViewNotFoundException: The view file does not exist: E:\xampp\htdocs\basic\views\sale\index.php in E:\xampp\htdocs\basic\vendor\yiisoft\yii2\base\View.php:233
Stack trace:
#0 E:\xampp\htdocs\basic\vendor\yiisoft\yii2\base\View.php(156): yii\base\View->renderFile('E:\\xampp\\htdocs...', Array, Object(app\controllers\SaleController))
#1 E:\xampp\htdocs\basic\vendor\yiisoft\yii2\base\Controller.php(384): yii\base\View->render('index', Array, Object(app\controllers\SaleController))
#2 E:\xampp\htdocs\basic\controllers\SaleController.php(43): yii\base\Controller->render('index', Array)
#3 [internal function]: app\controllers\SaleController->actionIndex()
#4 E:\xampp\htdocs\basic\vendor\yiisoft\yii2\base\InlineAction.php(57): call_user_func_array(Array, Array)
#5 E:\xampp\htdocs\basic\vendor\yiisoft\yii2\base\Controller.php(157): yii\base\InlineAction->runWithParams(Array)
#6 E:\xampp\htdocs\basic\vendor\yiisoft\yii2\base\Module.php(528): yii\base\Controller->runAction('', Array)
#7 E:\xampp\htdocs\basic\vendor\yiisoft\yii2\web\Application.php(103): yii\base\Module->runAction('sale', Array)
#8 E:\xampp\htdocs\basic\vendor\yiisoft\yii2\base\Application.php(386): yii\web\Application->handleRequest(Object(yii\web\Request))
#9 E:\xampp\htdocs\basic\web\index.php(12): yii\base\Application->run()
#10 {main}
2019-05-03 11:03:12 [::1][-][f553ulh1mq2aeh87eus7uu1i5l][info][application] $_GET = [
    'r' => 'sale'
]

$_POST = []

$_FILES = []

$_COOKIE = [
    'PHPSESSID' => 'f553ulh1mq2aeh87eus7uu1i5l'
    '_csrf' => 'aa41ed9dbc18905e090d3b6f3d4ea0e2fcc864f134b88b1bf19428fb16d50da1a:2:{i:0;s:5:\"_csrf\";i:1;s:32:\"q-UnCbMmLOpRMTPLB6iD3wJST_jZy3Vo\";}'
    'Phpstorm-669499eb' => 'd4c24652-d7f0-4aa9-96f5-594c93671c41'
]

$_SESSION = [
    '__flash' => []
    '__captcha/site/captcha' => 'qtaarun'
    '__captcha/site/captchacount' => 1
]

$_SERVER = [
    'MIBDIRS' => 'E:/xampp/php/extras/mibs'
    'MYSQL_HOME' => '\\xampp\\mysql\\bin'
    'OPENSSL_CONF' => 'E:/xampp/apache/bin/openssl.cnf'
    'PHP_PEAR_SYSCONF_DIR' => '\\xampp\\php'
    'PHPRC' => '\\xampp\\php'
    'TMP' => '\\xampp\\tmp'
    'HTTP_HOST' => 'localhost:8080'
    'HTTP_CONNECTION' => 'keep-alive'
    'HTTP_CACHE_CONTROL' => 'max-age=0'
    'HTTP_UPGRADE_INSECURE_REQUESTS' => '1'
    'HTTP_USER_AGENT' => 'Mozilla/5.0 (Windows NT 10.0; Win64; x64) AppleWebKit/537.36 (KHTML, like Gecko) Chrome/73.0.3683.103 Safari/537.36'
    'HTTP_ACCEPT' => 'text/html,application/xhtml+xml,application/xml;q=0.9,image/webp,image/apng,*/*;q=0.8,application/signed-exchange;v=b3'
    'HTTP_REFERER' => 'http://localhost:8080/basic/web/index.php?r=site%2Findex'
    'HTTP_ACCEPT_ENCODING' => 'gzip, deflate, br'
    'HTTP_ACCEPT_LANGUAGE' => 'zh-CN,zh;q=0.9'
    'HTTP_COOKIE' => 'PHPSESSID=f553ulh1mq2aeh87eus7uu1i5l; _csrf=aa41ed9dbc18905e090d3b6f3d4ea0e2fcc864f134b88b1bf19428fb16d50da1a%3A2%3A%7Bi%3A0%3Bs%3A5%3A%22_csrf%22%3Bi%3A1%3Bs%3A32%3A%22q-UnCbMmLOpRMTPLB6iD3wJST_jZy3Vo%22%3B%7D; Phpstorm-669499eb=d4c24652-d7f0-4aa9-96f5-594c93671c41'
    'PATH' => 'C:\\Program Files\\VanDyke Software\\Clients\\;E:\\Python27\\;E:\\Python27\\Scripts;C:\\Program Files (x86)\\Common Files\\Oracle\\Java\\javapath;C:\\Program Files (x86)\\Intel\\iCLS Client\\;C:\\Program Files\\Intel\\iCLS Client\\;C:\\Windows\\system32;C:\\Windows;C:\\Windows\\System32\\Wbem;C:\\Windows\\System32\\WindowsPowerShell\\v1.0\\;C:\\Program Files (x86)\\NVIDIA Corporation\\PhysX\\Common;C:\\Program Files (x86)\\Intel\\Intel(R) Management Engine Components\\DAL;C:\\Program Files\\Intel\\Intel(R) Management Engine Components\\DAL;C:\\Program Files (x86)\\Intel\\Intel(R) Management Engine Components\\IPT;C:\\Program Files\\Intel\\Intel(R) Management Engine Components\\IPT;C:\\WINDOWS\\system32;C:\\WINDOWS;C:\\WINDOWS\\System32\\Wbem;C:\\WINDOWS\\System32\\WindowsPowerShell\\v1.0\\;C:\\Program Files\\dotnet\\;C:\\WINDOWS\\System32\\OpenSSH\\;C:\\Program Files\\Java\\jdk1.8.0_172\\bin;E:\\android_sdk\\platform-tools;E:\\android_sdk\\tools;E:\\Program Files (x86)\\opencv\\build\\x64\\vc15\\bin;C:\\Program Files\\Microsoft SQL Server\\130\\Tools\\Binn\\;E:\\MinGW\\include;E:\\MinGW\\lib;E:\\Python;C:\\Users\\Peng\\AppData\\Local\\Microsoft\\WindowsApps;C:\\Program Files\\Java\\jdk1.8.0_172\\bin;'
    'SystemRoot' => 'C:\\WINDOWS'
    'COMSPEC' => 'C:\\WINDOWS\\system32\\cmd.exe'
    'PATHEXT' => '.COM;.EXE;.BAT;.CMD;.VBS;.VBE;.JS;.JSE;.WSF;.WSH;.MSC'
    'WINDIR' => 'C:\\WINDOWS'
    'SERVER_SIGNATURE' => '<address>Apache/2.4.39 (Win64) OpenSSL/1.1.1b PHP/7.3.4 Server at localhost Port 8080</address>
'
    'SERVER_SOFTWARE' => 'Apache/2.4.39 (Win64) OpenSSL/1.1.1b PHP/7.3.4'
    'SERVER_NAME' => 'localhost'
    'SERVER_ADDR' => '::1'
    'SERVER_PORT' => '8080'
    'REMOTE_ADDR' => '::1'
    'DOCUMENT_ROOT' => 'E:/xampp/htdocs'
    'REQUEST_SCHEME' => 'http'
    'CONTEXT_PREFIX' => ''
    'CONTEXT_DOCUMENT_ROOT' => 'E:/xampp/htdocs'
    'SERVER_ADMIN' => 'postmaster@localhost'
    'SCRIPT_FILENAME' => 'E:/xampp/htdocs/basic/web/index.php'
    'REMOTE_PORT' => '49900'
    'GATEWAY_INTERFACE' => 'CGI/1.1'
    'SERVER_PROTOCOL' => 'HTTP/1.1'
    'REQUEST_METHOD' => 'GET'
    'QUERY_STRING' => 'r=sale'
    'REQUEST_URI' => '/basic/web/index.php?r=sale'
    'SCRIPT_NAME' => '/basic/web/index.php'
    'PHP_SELF' => '/basic/web/index.php'
    'REQUEST_TIME_FLOAT' => 1556874192.421
    'REQUEST_TIME' => 1556874192
]
2019-05-03 11:16:17 [::1][-][f553ulh1mq2aeh87eus7uu1i5l][error][yii\web\HttpException:404] yii\base\InvalidRouteException: Unable to resolve the request: vem/ in E:\xampp\htdocs\basic\vendor\yiisoft\yii2\base\Controller.php:128
Stack trace:
#0 E:\xampp\htdocs\basic\vendor\yiisoft\yii2\base\Module.php(528): yii\base\Controller->runAction('', Array)
#1 E:\xampp\htdocs\basic\vendor\yiisoft\yii2\web\Application.php(103): yii\base\Module->runAction('vem', Array)
#2 E:\xampp\htdocs\basic\vendor\yiisoft\yii2\base\Application.php(386): yii\web\Application->handleRequest(Object(yii\web\Request))
#3 E:\xampp\htdocs\basic\web\index.php(12): yii\base\Application->run()
#4 {main}

Next yii\web\NotFoundHttpException: Page not found. in E:\xampp\htdocs\basic\vendor\yiisoft\yii2\web\Application.php:115
Stack trace:
#0 E:\xampp\htdocs\basic\vendor\yiisoft\yii2\base\Application.php(386): yii\web\Application->handleRequest(Object(yii\web\Request))
#1 E:\xampp\htdocs\basic\web\index.php(12): yii\base\Application->run()
#2 {main}
2019-05-03 11:16:17 [::1][-][f553ulh1mq2aeh87eus7uu1i5l][info][application] $_GET = [
    'r' => 'vem'
]

$_POST = []

$_FILES = []

$_COOKIE = [
    'PHPSESSID' => 'f553ulh1mq2aeh87eus7uu1i5l'
    '_csrf' => 'aa41ed9dbc18905e090d3b6f3d4ea0e2fcc864f134b88b1bf19428fb16d50da1a:2:{i:0;s:5:\"_csrf\";i:1;s:32:\"q-UnCbMmLOpRMTPLB6iD3wJST_jZy3Vo\";}'
    'Phpstorm-669499eb' => 'd4c24652-d7f0-4aa9-96f5-594c93671c41'
]

$_SESSION = [
    '__flash' => []
    '__captcha/site/captcha' => 'qtaarun'
    '__captcha/site/captchacount' => 1
]

$_SERVER = [
    'MIBDIRS' => 'E:/xampp/php/extras/mibs'
    'MYSQL_HOME' => '\\xampp\\mysql\\bin'
    'OPENSSL_CONF' => 'E:/xampp/apache/bin/openssl.cnf'
    'PHP_PEAR_SYSCONF_DIR' => '\\xampp\\php'
    'PHPRC' => '\\xampp\\php'
    'TMP' => '\\xampp\\tmp'
    'HTTP_HOST' => 'localhost:8080'
    'HTTP_CONNECTION' => 'keep-alive'
    'HTTP_CACHE_CONTROL' => 'max-age=0'
    'HTTP_UPGRADE_INSECURE_REQUESTS' => '1'
    'HTTP_USER_AGENT' => 'Mozilla/5.0 (Windows NT 10.0; Win64; x64) AppleWebKit/537.36 (KHTML, like Gecko) Chrome/73.0.3683.103 Safari/537.36'
    'HTTP_ACCEPT' => 'text/html,application/xhtml+xml,application/xml;q=0.9,image/webp,image/apng,*/*;q=0.8,application/signed-exchange;v=b3'
    'HTTP_REFERER' => 'http://localhost:8080/basic/web/index.php?r=site%2Flogin'
    'HTTP_ACCEPT_ENCODING' => 'gzip, deflate, br'
    'HTTP_ACCEPT_LANGUAGE' => 'zh-CN,zh;q=0.9'
    'HTTP_COOKIE' => 'PHPSESSID=f553ulh1mq2aeh87eus7uu1i5l; _csrf=aa41ed9dbc18905e090d3b6f3d4ea0e2fcc864f134b88b1bf19428fb16d50da1a%3A2%3A%7Bi%3A0%3Bs%3A5%3A%22_csrf%22%3Bi%3A1%3Bs%3A32%3A%22q-UnCbMmLOpRMTPLB6iD3wJST_jZy3Vo%22%3B%7D; Phpstorm-669499eb=d4c24652-d7f0-4aa9-96f5-594c93671c41'
    'PATH' => 'C:\\Program Files\\VanDyke Software\\Clients\\;E:\\Python27\\;E:\\Python27\\Scripts;C:\\Program Files (x86)\\Common Files\\Oracle\\Java\\javapath;C:\\Program Files (x86)\\Intel\\iCLS Client\\;C:\\Program Files\\Intel\\iCLS Client\\;C:\\Windows\\system32;C:\\Windows;C:\\Windows\\System32\\Wbem;C:\\Windows\\System32\\WindowsPowerShell\\v1.0\\;C:\\Program Files (x86)\\NVIDIA Corporation\\PhysX\\Common;C:\\Program Files (x86)\\Intel\\Intel(R) Management Engine Components\\DAL;C:\\Program Files\\Intel\\Intel(R) Management Engine Components\\DAL;C:\\Program Files (x86)\\Intel\\Intel(R) Management Engine Components\\IPT;C:\\Program Files\\Intel\\Intel(R) Management Engine Components\\IPT;C:\\WINDOWS\\system32;C:\\WINDOWS;C:\\WINDOWS\\System32\\Wbem;C:\\WINDOWS\\System32\\WindowsPowerShell\\v1.0\\;C:\\Program Files\\dotnet\\;C:\\WINDOWS\\System32\\OpenSSH\\;C:\\Program Files\\Java\\jdk1.8.0_172\\bin;E:\\android_sdk\\platform-tools;E:\\android_sdk\\tools;E:\\Program Files (x86)\\opencv\\build\\x64\\vc15\\bin;C:\\Program Files\\Microsoft SQL Server\\130\\Tools\\Binn\\;E:\\MinGW\\include;E:\\MinGW\\lib;E:\\Python;C:\\Users\\Peng\\AppData\\Local\\Microsoft\\WindowsApps;C:\\Program Files\\Java\\jdk1.8.0_172\\bin;'
    'SystemRoot' => 'C:\\WINDOWS'
    'COMSPEC' => 'C:\\WINDOWS\\system32\\cmd.exe'
    'PATHEXT' => '.COM;.EXE;.BAT;.CMD;.VBS;.VBE;.JS;.JSE;.WSF;.WSH;.MSC'
    'WINDIR' => 'C:\\WINDOWS'
    'SERVER_SIGNATURE' => '<address>Apache/2.4.39 (Win64) OpenSSL/1.1.1b PHP/7.3.4 Server at localhost Port 8080</address>
'
    'SERVER_SOFTWARE' => 'Apache/2.4.39 (Win64) OpenSSL/1.1.1b PHP/7.3.4'
    'SERVER_NAME' => 'localhost'
    'SERVER_ADDR' => '::1'
    'SERVER_PORT' => '8080'
    'REMOTE_ADDR' => '::1'
    'DOCUMENT_ROOT' => 'E:/xampp/htdocs'
    'REQUEST_SCHEME' => 'http'
    'CONTEXT_PREFIX' => ''
    'CONTEXT_DOCUMENT_ROOT' => 'E:/xampp/htdocs'
    'SERVER_ADMIN' => 'postmaster@localhost'
    'SCRIPT_FILENAME' => 'E:/xampp/htdocs/basic/web/index.php'
    'REMOTE_PORT' => '50039'
    'GATEWAY_INTERFACE' => 'CGI/1.1'
    'SERVER_PROTOCOL' => 'HTTP/1.1'
    'REQUEST_METHOD' => 'GET'
    'QUERY_STRING' => 'r=vem'
    'REQUEST_URI' => '/basic/web/index.php?r=vem'
    'SCRIPT_NAME' => '/basic/web/index.php'
    'PHP_SELF' => '/basic/web/index.php'
    'REQUEST_TIME_FLOAT' => 1556874977.486
    'REQUEST_TIME' => 1556874977
]
2019-05-03 11:44:36 [::1][-][f553ulh1mq2aeh87eus7uu1i5l][error][yii\web\HttpException:404] yii\base\InvalidRouteException: Unable to resolve the request: site/vem in E:\xampp\htdocs\basic\vendor\yiisoft\yii2\base\Controller.php:128
Stack trace:
#0 E:\xampp\htdocs\basic\vendor\yiisoft\yii2\base\Module.php(528): yii\base\Controller->runAction('vem', Array)
#1 E:\xampp\htdocs\basic\vendor\yiisoft\yii2\web\Application.php(103): yii\base\Module->runAction('site/vem', Array)
#2 E:\xampp\htdocs\basic\vendor\yiisoft\yii2\base\Application.php(386): yii\web\Application->handleRequest(Object(yii\web\Request))
#3 E:\xampp\htdocs\basic\web\index.php(12): yii\base\Application->run()
#4 {main}

Next yii\web\NotFoundHttpException: Page not found. in E:\xampp\htdocs\basic\vendor\yiisoft\yii2\web\Application.php:115
Stack trace:
#0 E:\xampp\htdocs\basic\vendor\yiisoft\yii2\base\Application.php(386): yii\web\Application->handleRequest(Object(yii\web\Request))
#1 E:\xampp\htdocs\basic\web\index.php(12): yii\base\Application->run()
#2 {main}
2019-05-03 11:44:36 [::1][-][f553ulh1mq2aeh87eus7uu1i5l][info][application] $_GET = [
    'r' => 'site/vem'
]

$_POST = []

$_FILES = []

$_COOKIE = [
    'PHPSESSID' => 'f553ulh1mq2aeh87eus7uu1i5l'
    '_csrf' => 'aa41ed9dbc18905e090d3b6f3d4ea0e2fcc864f134b88b1bf19428fb16d50da1a:2:{i:0;s:5:\"_csrf\";i:1;s:32:\"q-UnCbMmLOpRMTPLB6iD3wJST_jZy3Vo\";}'
    'Phpstorm-669499eb' => 'd4c24652-d7f0-4aa9-96f5-594c93671c41'
]

$_SESSION = [
    '__flash' => []
    '__captcha/site/captcha' => 'qtaarun'
    '__captcha/site/captchacount' => 1
]

$_SERVER = [
    'MIBDIRS' => 'E:/xampp/php/extras/mibs'
    'MYSQL_HOME' => '\\xampp\\mysql\\bin'
    'OPENSSL_CONF' => 'E:/xampp/apache/bin/openssl.cnf'
    'PHP_PEAR_SYSCONF_DIR' => '\\xampp\\php'
    'PHPRC' => '\\xampp\\php'
    'TMP' => '\\xampp\\tmp'
    'HTTP_HOST' => 'localhost:8080'
    'HTTP_CONNECTION' => 'keep-alive'
    'HTTP_UPGRADE_INSECURE_REQUESTS' => '1'
    'HTTP_USER_AGENT' => 'Mozilla/5.0 (Windows NT 10.0; Win64; x64) AppleWebKit/537.36 (KHTML, like Gecko) Chrome/73.0.3683.103 Safari/537.36'
    'HTTP_ACCEPT' => 'text/html,application/xhtml+xml,application/xml;q=0.9,image/webp,image/apng,*/*;q=0.8,application/signed-exchange;v=b3'
    'HTTP_REFERER' => 'http://localhost:8080/basic/web/index.php?r=site%2Findex'
    'HTTP_ACCEPT_ENCODING' => 'gzip, deflate, br'
    'HTTP_ACCEPT_LANGUAGE' => 'zh-CN,zh;q=0.9'
    'HTTP_COOKIE' => 'PHPSESSID=f553ulh1mq2aeh87eus7uu1i5l; _csrf=aa41ed9dbc18905e090d3b6f3d4ea0e2fcc864f134b88b1bf19428fb16d50da1a%3A2%3A%7Bi%3A0%3Bs%3A5%3A%22_csrf%22%3Bi%3A1%3Bs%3A32%3A%22q-UnCbMmLOpRMTPLB6iD3wJST_jZy3Vo%22%3B%7D; Phpstorm-669499eb=d4c24652-d7f0-4aa9-96f5-594c93671c41'
    'PATH' => 'C:\\Program Files\\VanDyke Software\\Clients\\;E:\\Python27\\;E:\\Python27\\Scripts;C:\\Program Files (x86)\\Common Files\\Oracle\\Java\\javapath;C:\\Program Files (x86)\\Intel\\iCLS Client\\;C:\\Program Files\\Intel\\iCLS Client\\;C:\\Windows\\system32;C:\\Windows;C:\\Windows\\System32\\Wbem;C:\\Windows\\System32\\WindowsPowerShell\\v1.0\\;C:\\Program Files (x86)\\NVIDIA Corporation\\PhysX\\Common;C:\\Program Files (x86)\\Intel\\Intel(R) Management Engine Components\\DAL;C:\\Program Files\\Intel\\Intel(R) Management Engine Components\\DAL;C:\\Program Files (x86)\\Intel\\Intel(R) Management Engine Components\\IPT;C:\\Program Files\\Intel\\Intel(R) Management Engine Components\\IPT;C:\\WINDOWS\\system32;C:\\WINDOWS;C:\\WINDOWS\\System32\\Wbem;C:\\WINDOWS\\System32\\WindowsPowerShell\\v1.0\\;C:\\Program Files\\dotnet\\;C:\\WINDOWS\\System32\\OpenSSH\\;C:\\Program Files\\Java\\jdk1.8.0_172\\bin;E:\\android_sdk\\platform-tools;E:\\android_sdk\\tools;E:\\Program Files (x86)\\opencv\\build\\x64\\vc15\\bin;C:\\Program Files\\Microsoft SQL Server\\130\\Tools\\Binn\\;E:\\MinGW\\include;E:\\MinGW\\lib;E:\\Python;C:\\Users\\Peng\\AppData\\Local\\Microsoft\\WindowsApps;C:\\Program Files\\Java\\jdk1.8.0_172\\bin;'
    'SystemRoot' => 'C:\\WINDOWS'
    'COMSPEC' => 'C:\\WINDOWS\\system32\\cmd.exe'
    'PATHEXT' => '.COM;.EXE;.BAT;.CMD;.VBS;.VBE;.JS;.JSE;.WSF;.WSH;.MSC'
    'WINDIR' => 'C:\\WINDOWS'
    'SERVER_SIGNATURE' => '<address>Apache/2.4.39 (Win64) OpenSSL/1.1.1b PHP/7.3.4 Server at localhost Port 8080</address>
'
    'SERVER_SOFTWARE' => 'Apache/2.4.39 (Win64) OpenSSL/1.1.1b PHP/7.3.4'
    'SERVER_NAME' => 'localhost'
    'SERVER_ADDR' => '::1'
    'SERVER_PORT' => '8080'
    'REMOTE_ADDR' => '::1'
    'DOCUMENT_ROOT' => 'E:/xampp/htdocs'
    'REQUEST_SCHEME' => 'http'
    'CONTEXT_PREFIX' => ''
    'CONTEXT_DOCUMENT_ROOT' => 'E:/xampp/htdocs'
    'SERVER_ADMIN' => 'postmaster@localhost'
    'SCRIPT_FILENAME' => 'E:/xampp/htdocs/basic/web/index.php'
    'REMOTE_PORT' => '52974'
    'GATEWAY_INTERFACE' => 'CGI/1.1'
    'SERVER_PROTOCOL' => 'HTTP/1.1'
    'REQUEST_METHOD' => 'GET'
    'QUERY_STRING' => 'r=site%2Fvem'
    'REQUEST_URI' => '/basic/web/index.php?r=site%2Fvem'
    'SCRIPT_NAME' => '/basic/web/index.php'
    'PHP_SELF' => '/basic/web/index.php'
    'REQUEST_TIME_FLOAT' => 1556876676.739
    'REQUEST_TIME' => 1556876676
]
